==== Falha no arquivo: maps/invalid/broken_xpm.cub ====
Esperado: 1, Obtido: 0
COlor: 164
COlor: 169
COlor: 20

COlor: 153
COlor: 204
COlor: 255

TEXTURES ./textures/north.xpm
.TEXTURES ./textures/west.xpm
.TEXTURES ./textures/east.xpm
.TEXTURES ./textures/broken.xpm
.
[ORIGINAL MAP]
[1;32m1[0m[1;32m1[0m[1;32m1[0m[1;32m1[0m[1;32m1[0m[1;32m1[0m[1;32m1[0m[1;32m1[0m[1;32m1[0m[1;32m1[0m[1;32m1[0m[1;32m1[0m[1;32m1[0m[1;32m1[0m[1;32m1[0m[1;32m1[0m[1;32m1[0m[1;32m1[0m[1;32m1[0m[1;32m1[0m[1;32m1[0m[31mX[0m[35mE[0m
[1;32m1[0m[33m0[0m[1;32m1[0m[33m0[0m[33m0[0m[33m0[0m[33m0[0m[33m0[0m[1;32m1[0m[33m0[0m[33m0[0m[33m0[0m[33m0[0m[33m0[0m[33m0[0m[33m0[0m[33m0[0m[33m0[0m[33m0[0m[33m0[0m[1;32m1[0m[31mX[0m[35mE[0m
[1;32m1[0m[33m0[0m[1;32m1[0m[33m0[0m[1;32m1[0m[33m0[0m[1;32m1[0m[33m0[0m[1;32m1[0m[33m0[0m[1;32m1[0m[1;32m1[0m[1;32m1[0m[1;32m1[0m[1;32m1[0m[1;32m1[0m[1;32m1[0m[33m0[0m[33m0[0m[33m0[0m[1;32m1[0m[31mX[0m[35mE[0m
[1;32m1[0m[33m0[0m[33m0[0m[33m0[0m[1;32m1[0m[33m0[0m[1;32m1[0m[33m0[0m[33m0[0m[33m0[0m[1;32m1[0m[33m0[0m[33m0[0m[33m0[0m[33m0[0m[33m0[0m[1;32m1[0m[33m0[0m[33m0[0m[33m0[0m[1;32m1[0m[31mX[0m[35mE[0m
[1;32m1[0m[1;32m1[0m[1;32m1[0m[1;32m1[0m[1;32m1[0m[33m0[0m[1;32m1[0m[33m0[0m[1;32m1[0m[1;32m1[0m[1;32m1[0m[1;32m1[0m[1;32m1[0m[33m0[0m[1;32m1[0m[33m0[0m[1;32m1[0m[1;32m1[0m[1;32m1[0m[33m0[0m[1;32m1[0m[31mX[0m[35mE[0m
[1;32m1[0m[33m0[0m[33m0[0m[33m0[0m[33m0[0m[33m0[0m[1;32m1[0m[33m0[0m[1;32m1[0m[33m0[0m[33m0[0m[33m0[0m[1;32m1[0m[33m0[0m[1;32m1[0m[33m0[0m[33m0[0m[33m0[0m[33m0[0m[33m0[0m[1;32m1[0m[31mX[0m[35mE[0m
[1;32m1[0m[33m0[0m[1;32m1[0m[1;32m1[0m[1;32m1[0m[1;32m1[0m[1;32m1[0m[33m0[0m[1;32m1[0m[33m0[0m[1;32m1[0m[1;32m1[0m[1;32m1[0m[33m0[0m[1;32m1[0m[1;32m1[0m[1;32m1[0m[1;32m1[0m[1;32m1[0m[1;32m1[0m[1;32m1[0m[31mX[0m[35mE[0m
[1;32m1[0m[33m0[0m[1;32m1[0m[33m0[0m[33m0[0m[33m0[0m[33m0[0m[33m0[0m[1;32m1[0m[33m0[0m[1;32m1[0m[33m0[0m[1;32m1[0m[33m0[0m[33m0[0m[33m0[0m[33m0[0m[33m0[0m[1;32m1[0m[33m0[0m[1;32m1[0m[31mX[0m[35mE[0m
[1;32m1[0m[33m0[0m[1;32m1[0m[33m0[0m[1;32m1[0m[1;32m1[0m[1;32m1[0m[1;32m1[0m[1;32m1[0m[33m0[0m[1;32m1[0m[33m0[0m[1;32m1[0m[1;32m1[0m[1;32m1[0m[1;32m1[0m[1;32m1[0m[33m0[0m[1;32m1[0m[33m0[0m[1;32m1[0m[31mX[0m[35mE[0m
[1;32m1[0m[33m0[0m[1;32m1[0m[33m0[0m[1;32m1[0m[33m0[0m[33m0[0m[33m0[0m[33m0[0m[33m0[0m[33m0[0m[33m0[0m[1;32m1[0m[33m0[0m[33m0[0m[33m0[0m[1;32m1[0m[33m0[0m[1;32m1[0m[33m0[0m[1;32m1[0m[31mX[0m[35mE[0m
[1;32m1[0m[33m0[0m[1;32m1[0m[1;32m1[0m[1;32m1[0m[33m0[0m[33m0[0m[33m0[0m[33m0[0m[33m0[0m[33m0[0m[33m0[0m[1;32m1[0m[33m0[0m[1;32m1[0m[33m0[0m[1;32m1[0m[33m0[0m[1;32m1[0m[33m0[0m[1;32m1[0m[31mX[0m[35mE[0m
[1;32m1[0m[33m0[0m[33m0[0m[33m0[0m[33m0[0m[33m0[0m[33m0[0m[33m0[0m[33m0[0m[1;31mN[0m[33m0[0m[33m0[0m[33m0[0m[33m0[0m[1;32m1[0m[33m0[0m[1;32m1[0m[33m0[0m[33m0[0m[33m0[0m[1;32m1[0m[31mX[0m[35mE[0m
[1;32m1[0m[1;32m1[0m[1;32m1[0m[1;32m1[0m[1;32m1[0m[1;32m1[0m[1;32m1[0m[33m0[0m[1;32m1[0m[33m0[0m[1;32m1[0m[1;32m1[0m[1;32m1[0m[1;32m1[0m[1;32m1[0m[33m0[0m[1;32m1[0m[1;32m1[0m[1;32m1[0m[33m0[0m[1;32m1[0m[31mX[0m[35mE[0m
[1;32m1[0m[33m0[0m[33m0[0m[33m0[0m[33m0[0m[33m0[0m[1;32m1[0m[1;32m1[0m[1;32m1[0m[33m0[0m[1;32m1[0m[1;32m1[0m[1;32m1[0m[1;32m1[0m[33m0[0m[33m0[0m[1;32m1[0m[33m0[0m[33m0[0m[33m0[0m[1;32m1[0m[31mX[0m[35mE[0m
[1;32m1[0m[33m0[0m[1;32m1[0m[1;32m1[0m[1;32m1[0m[33m0[0m[33m0[0m[33m0[0m[33m0[0m[33m0[0m[33m0[0m[33m0[0m[33m0[0m[33m0[0m[1;32m1[0m[1;32m1[0m[1;32m1[0m[33m0[0m[1;32m1[0m[1;32m1[0m[1;32m1[0m[31mX[0m[35mE[0m
[1;32m1[0m[33m0[0m[1;32m1[0m[33m0[0m[33m0[0m[33m0[0m[33m0[0m[33m0[0m[33m0[0m[33m0[0m[33m0[0m[33m0[0m[33m0[0m[33m0[0m[33m0[0m[33m0[0m[1;32m1[0m[33m0[0m[1;32m1[0m[33m0[0m[1;32m1[0m[31mX[0m[35mE[0m
[1;32m1[0m[33m0[0m[1;32m1[0m[33m0[0m[33m0[0m[33m0[0m[33m0[0m[33m0[0m[33m0[0m[33m0[0m[33m0[0m[33m0[0m[33m0[0m[33m0[0m[33m0[0m[33m0[0m[1;32m1[0m[33m0[0m[1;32m1[0m[33m0[0m[1;32m1[0m[31mX[0m[35mE[0m
[1;32m1[0m[33m0[0m[1;32m1[0m[33m0[0m[33m0[0m[33m0[0m[33m0[0m[33m0[0m[33m0[0m[33m0[0m[33m0[0m[33m0[0m[33m0[0m[33m0[0m[33m0[0m[33m0[0m[1;32m1[0m[33m0[0m[33m0[0m[33m0[0m[1;32m1[0m[31mX[0m[35mE[0m
[1;32m1[0m[33m0[0m[1;32m1[0m[33m0[0m[33m0[0m[33m0[0m[33m0[0m[33m0[0m[33m0[0m[33m0[0m[33m0[0m[33m0[0m[33m0[0m[33m0[0m[33m0[0m[33m0[0m[33m0[0m[1;32m1[0m[1;32m1[0m[33m0[0m[1;32m1[0m[31mX[0m[35mE[0m
[1;32m1[0m[33m0[0m[1;32m1[0m[33m0[0m[33m0[0m[33m0[0m[33m0[0m[33m0[0m[1;32m1[0m[33m0[0m[33m0[0m[33m0[0m[33m0[0m[33m0[0m[33m0[0m[33m0[0m[33m0[0m[33m0[0m[33m0[0m[33m0[0m[1;32m1[0m[31mX[0m[35mE[0m
[1;32m1[0m[1;32m1[0m[1;32m1[0m[1;32m1[0m[1;32m1[0m[1;32m1[0m[1;32m1[0m[1;32m1[0m[1;32m1[0m[1;32m1[0m[1;32m1[0m[1;32m1[0m[1;32m1[0m[1;32m1[0m[1;32m1[0m[1;32m1[0m[1;32m1[0m[1;32m1[0m[1;32m1[0m[1;32m1[0m[1;32m1[0m[31mX[0m[35mE[0m
[31mX[0m[35mE[0m[35mE[0m[35mE[0m[35mE[0m[35mE[0m[35mE[0m[35mE[0m[35mE[0m[35mE[0m[35mE[0m[35mE[0m[35mE[0m[35mE[0m[35mE[0m[35mE[0m[35mE[0m[35mE[0m[35mE[0m[35mE[0m[35mE[0m[35mE[0m[35mE[0m
ORIGINAL MAP PRINTED

[MAP COPY:]
[1;32m1[0m[1;32m1[0m[1;32m1[0m[1;32m1[0m[1;32m1[0m[1;32m1[0m[1;32m1[0m[1;32m1[0m[1;32m1[0m[1;32m1[0m[1;32m1[0m[1;32m1[0m[1;32m1[0m[1;32m1[0m[1;32m1[0m[1;32m1[0m[1;32m1[0m[1;32m1[0m[1;32m1[0m[1;32m1[0m[1;32m1[0m[31mX[0m[35mE[0m
[1;32m1[0m[33m0[0m[1;32m1[0m[33m0[0m[33m0[0m[33m0[0m[33m0[0m[33m0[0m[1;32m1[0m[33m0[0m[33m0[0m[33m0[0m[33m0[0m[33m0[0m[33m0[0m[33m0[0m[33m0[0m[33m0[0m[33m0[0m[33m0[0m[1;32m1[0m[31mX[0m[35mE[0m
[1;32m1[0m[33m0[0m[1;32m1[0m[33m0[0m[1;32m1[0m[33m0[0m[1;32m1[0m[33m0[0m[1;32m1[0m[33m0[0m[1;32m1[0m[1;32m1[0m[1;32m1[0m[1;32m1[0m[1;32m1[0m[1;32m1[0m[1;32m1[0m[33m0[0m[33m0[0m[33m0[0m[1;32m1[0m[31mX[0m[35mE[0m
[1;32m1[0m[33m0[0m[33m0[0m[33m0[0m[1;32m1[0m[33m0[0m[1;32m1[0m[33m0[0m[33m0[0m[33m0[0m[1;32m1[0m[33m0[0m[33m0[0m[33m0[0m[33m0[0m[33m0[0m[1;32m1[0m[33m0[0m[33m0[0m[33m0[0m[1;32m1[0m[31mX[0m[35mE[0m
[1;32m1[0m[1;32m1[0m[1;32m1[0m[1;32m1[0m[1;32m1[0m[33m0[0m[1;32m1[0m[33m0[0m[1;32m1[0m[1;32m1[0m[1;32m1[0m[1;32m1[0m[1;32m1[0m[33m0[0m[1;32m1[0m[33m0[0m[1;32m1[0m[1;32m1[0m[1;32m1[0m[33m0[0m[1;32m1[0m[31mX[0m[35mE[0m
[1;32m1[0m[33m0[0m[33m0[0m[33m0[0m[33m0[0m[33m0[0m[1;32m1[0m[33m0[0m[1;32m1[0m[33m0[0m[33m0[0m[33m0[0m[1;32m1[0m[33m0[0m[1;32m1[0m[33m0[0m[33m0[0m[33m0[0m[33m0[0m[33m0[0m[1;32m1[0m[31mX[0m[35mE[0m
[1;32m1[0m[33m0[0m[1;32m1[0m[1;32m1[0m[1;32m1[0m[1;32m1[0m[1;32m1[0m[33m0[0m[1;32m1[0m[33m0[0m[1;32m1[0m[1;32m1[0m[1;32m1[0m[33m0[0m[1;32m1[0m[1;32m1[0m[1;32m1[0m[1;32m1[0m[1;32m1[0m[1;32m1[0m[1;32m1[0m[31mX[0m[35mE[0m
[1;32m1[0m[33m0[0m[1;32m1[0m[33m0[0m[33m0[0m[33m0[0m[33m0[0m[33m0[0m[1;32m1[0m[33m0[0m[1;32m1[0m[33m0[0m[1;32m1[0m[33m0[0m[33m0[0m[33m0[0m[33m0[0m[33m0[0m[1;32m1[0m[33m0[0m[1;32m1[0m[31mX[0m[35mE[0m
[1;32m1[0m[33m0[0m[1;32m1[0m[33m0[0m[1;32m1[0m[1;32m1[0m[1;32m1[0m[1;32m1[0m[1;32m1[0m[33m0[0m[1;32m1[0m[33m0[0m[1;32m1[0m[1;32m1[0m[1;32m1[0m[1;32m1[0m[1;32m1[0m[33m0[0m[1;32m1[0m[33m0[0m[1;32m1[0m[31mX[0m[35mE[0m
[1;32m1[0m[33m0[0m[1;32m1[0m[33m0[0m[1;32m1[0m[33m0[0m[33m0[0m[33m0[0m[33m0[0m[33m0[0m[33m0[0m[33m0[0m[1;32m1[0m[33m0[0m[33m0[0m[33m0[0m[1;32m1[0m[33m0[0m[1;32m1[0m[33m0[0m[1;32m1[0m[31mX[0m[35mE[0m
[1;32m1[0m[33m0[0m[1;32m1[0m[1;32m1[0m[1;32m1[0m[33m0[0m[33m0[0m[33m0[0m[33m0[0m[33m0[0m[33m0[0m[33m0[0m[1;32m1[0m[33m0[0m[1;32m1[0m[33m0[0m[1;32m1[0m[33m0[0m[1;32m1[0m[33m0[0m[1;32m1[0m[31mX[0m[35mE[0m
[1;32m1[0m[33m0[0m[33m0[0m[33m0[0m[33m0[0m[33m0[0m[33m0[0m[33m0[0m[33m0[0m[1;31mN[0m[33m0[0m[33m0[0m[33m0[0m[33m0[0m[1;32m1[0m[33m0[0m[1;32m1[0m[33m0[0m[33m0[0m[33m0[0m[1;32m1[0m[31mX[0m[35mE[0m
[1;32m1[0m[1;32m1[0m[1;32m1[0m[1;32m1[0m[1;32m1[0m[1;32m1[0m[1;32m1[0m[33m0[0m[1;32m1[0m[33m0[0m[1;32m1[0m[1;32m1[0m[1;32m1[0m[1;32m1[0m[1;32m1[0m[33m0[0m[1;32m1[0m[1;32m1[0m[1;32m1[0m[33m0[0m[1;32m1[0m[31mX[0m[35mE[0m
[1;32m1[0m[33m0[0m[33m0[0m[33m0[0m[33m0[0m[33m0[0m[1;32m1[0m[1;32m1[0m[1;32m1[0m[33m0[0m[1;32m1[0m[1;32m1[0m[1;32m1[0m[1;32m1[0m[33m0[0m[33m0[0m[1;32m1[0m[33m0[0m[33m0[0m[33m0[0m[1;32m1[0m[31mX[0m[35mE[0m
[1;32m1[0m[33m0[0m[1;32m1[0m[1;32m1[0m[1;32m1[0m[33m0[0m[33m0[0m[33m0[0m[33m0[0m[33m0[0m[33m0[0m[33m0[0m[33m0[0m[33m0[0m[1;32m1[0m[1;32m1[0m[1;32m1[0m[33m0[0m[1;32m1[0m[1;32m1[0m[1;32m1[0m[31mX[0m[35mE[0m
[1;32m1[0m[33m0[0m[1;32m1[0m[33m0[0m[33m0[0m[33m0[0m[33m0[0m[33m0[0m[33m0[0m[33m0[0m[33m0[0m[33m0[0m[33m0[0m[33m0[0m[33m0[0m[33m0[0m[1;32m1[0m[33m0[0m[1;32m1[0m[33m0[0m[1;32m1[0m[31mX[0m[35mE[0m
[1;32m1[0m[33m0[0m[1;32m1[0m[33m0[0m[33m0[0m[33m0[0m[33m0[0m[33m0[0m[33m0[0m[33m0[0m[33m0[0m[33m0[0m[33m0[0m[33m0[0m[33m0[0m[33m0[0m[1;32m1[0m[33m0[0m[1;32m1[0m[33m0[0m[1;32m1[0m[31mX[0m[35mE[0m
[1;32m1[0m[33m0[0m[1;32m1[0m[33m0[0m[33m0[0m[33m0[0m[33m0[0m[33m0[0m[33m0[0m[33m0[0m[33m0[0m[33m0[0m[33m0[0m[33m0[0m[33m0[0m[33m0[0m[1;32m1[0m[33m0[0m[33m0[0m[33m0[0m[1;32m1[0m[31mX[0m[35mE[0m
[1;32m1[0m[33m0[0m[1;32m1[0m[33m0[0m[33m0[0m[33m0[0m[33m0[0m[33m0[0m[33m0[0m[33m0[0m[33m0[0m[33m0[0m[33m0[0m[33m0[0m[33m0[0m[33m0[0m[33m0[0m[1;32m1[0m[1;32m1[0m[33m0[0m[1;32m1[0m[31mX[0m[35mE[0m
[1;32m1[0m[33m0[0m[1;32m1[0m[33m0[0m[33m0[0m[33m0[0m[33m0[0m[33m0[0m[1;32m1[0m[33m0[0m[33m0[0m[33m0[0m[33m0[0m[33m0[0m[33m0[0m[33m0[0m[33m0[0m[33m0[0m[33m0[0m[33m0[0m[1;32m1[0m[31mX[0m[35mE[0m
[1;32m1[0m[1;32m1[0m[1;32m1[0m[1;32m1[0m[1;32m1[0m[1;32m1[0m[1;32m1[0m[1;32m1[0m[1;32m1[0m[1;32m1[0m[1;32m1[0m[1;32m1[0m[1;32m1[0m[1;32m1[0m[1;32m1[0m[1;32m1[0m[1;32m1[0m[1;32m1[0m[1;32m1[0m[1;32m1[0m[1;32m1[0m[31mX[0m[35mE[0m
[31mX[0m[35mE[0m[35mE[0m[35mE[0m[35mE[0m[35mE[0m[35mE[0m[35mE[0m[35mE[0m[35mE[0m[35mE[0m[35mE[0m[35mE[0m[35mE[0m[35mE[0m[35mE[0m[35mE[0m[35mE[0m[35mE[0m[35mE[0m[35mE[0m[35mE[0m[35mE[0m
MAP COPY PRINTED
Nx = -1261941425
Ny = -1261941361

[1;32mFLOODFILL RESULT: [0m

[MAP COPY:]
[1;32m1[0m[1;32m1[0m[1;32m1[0m[1;32m1[0m[1;32m1[0m[1;32m1[0m[1;32m1[0m[1;32m1[0m[1;32m1[0m[1;32m1[0m[1;32m1[0m[1;32m1[0m[1;32m1[0m[1;32m1[0m[1;32m1[0m[1;32m1[0m[1;32m1[0m[1;32m1[0m[1;32m1[0m[1;32m1[0m[1;32m1[0m[31mX[0m[35mE[0m
[1;32m1[0m[1;32m1[0m[1;32m1[0m[1;32m1[0m[1;32m1[0m[1;32m1[0m[1;32m1[0m[1;32m1[0m[1;32m1[0m[1;32m1[0m[1;32m1[0m[1;32m1[0m[1;32m1[0m[1;32m1[0m[1;32m1[0m[1;32m1[0m[1;32m1[0m[1;32m1[0m[1;32m1[0m[1;32m1[0m[1;32m1[0m[31mX[0m[35mE[0m
[1;32m1[0m[1;32m1[0m[1;32m1[0m[1;32m1[0m[1;32m1[0m[1;32m1[0m[1;32m1[0m[1;32m1[0m[1;32m1[0m[1;32m1[0m[1;32m1[0m[1;32m1[0m[1;32m1[0m[1;32m1[0m[1;32m1[0m[1;32m1[0m[1;32m1[0m[1;32m1[0m[1;32m1[0m[1;32m1[0m[1;32m1[0m[31mX[0m[35mE[0m
[1;32m1[0m[1;32m1[0m[1;32m1[0m[1;32m1[0m[1;32m1[0m[1;32m1[0m[1;32m1[0m[1;32m1[0m[1;32m1[0m[1;32m1[0m[1;32m1[0m[1;32m1[0m[1;32m1[0m[1;32m1[0m[1;32m1[0m[1;32m1[0m[1;32m1[0m[1;32m1[0m[1;32m1[0m[1;32m1[0m[1;32m1[0m[31mX[0m[35mE[0m
[1;32m1[0m[1;32m1[0m[1;32m1[0m[1;32m1[0m[1;32m1[0m[1;32m1[0m[1;32m1[0m[1;32m1[0m[1;32m1[0m[1;32m1[0m[1;32m1[0m[1;32m1[0m[1;32m1[0m[1;32m1[0m[1;32m1[0m[1;32m1[0m[1;32m1[0m[1;32m1[0m[1;32m1[0m[1;32m1[0m[1;32m1[0m[31mX[0m[35mE[0m
[1;32m1[0m[1;32m1[0m[1;32m1[0m[1;32m1[0m[1;32m1[0m[1;32m1[0m[1;32m1[0m[1;32m1[0m[1;32m1[0m[1;32m1[0m[1;32m1[0m[1;32m1[0m[1;32m1[0m[1;32m1[0m[1;32m1[0m[1;32m1[0m[1;32m1[0m[1;32m1[0m[1;32m1[0m[1;32m1[0m[1;32m1[0m[31mX[0m[35mE[0m
[1;32m1[0m[1;32m1[0m[1;32m1[0m[1;32m1[0m[1;32m1[0m[1;32m1[0m[1;32m1[0m[1;32m1[0m[1;32m1[0m[1;32m1[0m[1;32m1[0m[1;32m1[0m[1;32m1[0m[1;32m1[0m[1;32m1[0m[1;32m1[0m[1;32m1[0m[1;32m1[0m[1;32m1[0m[1;32m1[0m[1;32m1[0m[31mX[0m[35mE[0m
[1;32m1[0m[1;32m1[0m[1;32m1[0m[1;32m1[0m[1;32m1[0m[1;32m1[0m[1;32m1[0m[1;32m1[0m[1;32m1[0m[1;32m1[0m[1;32m1[0m[1;32m1[0m[1;32m1[0m[1;32m1[0m[1;32m1[0m[1;32m1[0m[1;32m1[0m[1;32m1[0m[1;32m1[0m[1;32m1[0m[1;32m1[0m[31mX[0m[35mE[0m
[1;32m1[0m[1;32m1[0m[1;32m1[0m[1;32m1[0m[1;32m1[0m[1;32m1[0m[1;32m1[0m[1;32m1[0m[1;32m1[0m[1;32m1[0m[1;32m1[0m[1;32m1[0m[1;32m1[0m[1;32m1[0m[1;32m1[0m[1;32m1[0m[1;32m1[0m[1;32m1[0m[1;32m1[0m[1;32m1[0m[1;32m1[0m[31mX[0m[35mE[0m
[1;32m1[0m[1;32m1[0m[1;32m1[0m[1;32m1[0m[1;32m1[0m[1;32m1[0m[1;32m1[0m[1;32m1[0m[1;32m1[0m[1;32m1[0m[1;32m1[0m[1;32m1[0m[1;32m1[0m[1;32m1[0m[1;32m1[0m[1;32m1[0m[1;32m1[0m[1;32m1[0m[1;32m1[0m[1;32m1[0m[1;32m1[0m[31mX[0m[35mE[0m
[1;32m1[0m[1;32m1[0m[1;32m1[0m[1;32m1[0m[1;32m1[0m[1;32m1[0m[1;32m1[0m[1;32m1[0m[1;32m1[0m[1;32m1[0m[1;32m1[0m[1;32m1[0m[1;32m1[0m[1;32m1[0m[1;32m1[0m[1;32m1[0m[1;32m1[0m[1;32m1[0m[1;32m1[0m[1;32m1[0m[1;32m1[0m[31mX[0m[35mE[0m
[1;32m1[0m[1;32m1[0m[1;32m1[0m[1;32m1[0m[1;32m1[0m[1;32m1[0m[1;32m1[0m[1;32m1[0m[1;32m1[0m[1;32m1[0m[1;32m1[0m[1;32m1[0m[1;32m1[0m[1;32m1[0m[1;32m1[0m[1;32m1[0m[1;32m1[0m[1;32m1[0m[1;32m1[0m[1;32m1[0m[1;32m1[0m[31mX[0m[35mE[0m
[1;32m1[0m[1;32m1[0m[1;32m1[0m[1;32m1[0m[1;32m1[0m[1;32m1[0m[1;32m1[0m[1;32m1[0m[1;32m1[0m[1;32m1[0m[1;32m1[0m[1;32m1[0m[1;32m1[0m[1;32m1[0m[1;32m1[0m[1;32m1[0m[1;32m1[0m[1;32m1[0m[1;32m1[0m[1;32m1[0m[1;32m1[0m[31mX[0m[35mE[0m
[1;32m1[0m[1;32m1[0m[1;32m1[0m[1;32m1[0m[1;32m1[0m[1;32m1[0m[1;32m1[0m[1;32m1[0m[1;32m1[0m[1;32m1[0m[1;32m1[0m[1;32m1[0m[1;32m1[0m[1;32m1[0m[1;32m1[0m[1;32m1[0m[1;32m1[0m[1;32m1[0m[1;32m1[0m[1;32m1[0m[1;32m1[0m[31mX[0m[35mE[0m
[1;32m1[0m[1;32m1[0m[1;32m1[0m[1;32m1[0m[1;32m1[0m[1;32m1[0m[1;32m1[0m[1;32m1[0m[1;32m1[0m[1;32m1[0m[1;32m1[0m[1;32m1[0m[1;32m1[0m[1;32m1[0m[1;32m1[0m[1;32m1[0m[1;32m1[0m[1;32m1[0m[1;32m1[0m[1;32m1[0m[1;32m1[0m[31mX[0m[35mE[0m
[1;32m1[0m[1;32m1[0m[1;32m1[0m[1;32m1[0m[1;32m1[0m[1;32m1[0m[1;32m1[0m[1;32m1[0m[1;32m1[0m[1;32m1[0m[1;32m1[0m[1;32m1[0m[1;32m1[0m[1;32m1[0m[1;32m1[0m[1;32m1[0m[1;32m1[0m[1;32m1[0m[1;32m1[0m[1;32m1[0m[1;32m1[0m[31mX[0m[35mE[0m
[1;32m1[0m[1;32m1[0m[1;32m1[0m[1;32m1[0m[1;32m1[0m[1;32m1[0m[1;32m1[0m[1;32m1[0m[1;32m1[0m[1;32m1[0m[1;32m1[0m[1;32m1[0m[1;32m1[0m[1;32m1[0m[1;32m1[0m[1;32m1[0m[1;32m1[0m[1;32m1[0m[1;32m1[0m[1;32m1[0m[1;32m1[0m[31mX[0m[35mE[0m
[1;32m1[0m[1;32m1[0m[1;32m1[0m[1;32m1[0m[1;32m1[0m[1;32m1[0m[1;32m1[0m[1;32m1[0m[1;32m1[0m[1;32m1[0m[1;32m1[0m[1;32m1[0m[1;32m1[0m[1;32m1[0m[1;32m1[0m[1;32m1[0m[1;32m1[0m[1;32m1[0m[1;32m1[0m[1;32m1[0m[1;32m1[0m[31mX[0m[35mE[0m
[1;32m1[0m[1;32m1[0m[1;32m1[0m[1;32m1[0m[1;32m1[0m[1;32m1[0m[1;32m1[0m[1;32m1[0m[1;32m1[0m[1;32m1[0m[1;32m1[0m[1;32m1[0m[1;32m1[0m[1;32m1[0m[1;32m1[0m[1;32m1[0m[1;32m1[0m[1;32m1[0m[1;32m1[0m[1;32m1[0m[1;32m1[0m[31mX[0m[35mE[0m
[1;32m1[0m[1;32m1[0m[1;32m1[0m[1;32m1[0m[1;32m1[0m[1;32m1[0m[1;32m1[0m[1;32m1[0m[1;32m1[0m[1;32m1[0m[1;32m1[0m[1;32m1[0m[1;32m1[0m[1;32m1[0m[1;32m1[0m[1;32m1[0m[1;32m1[0m[1;32m1[0m[1;32m1[0m[1;32m1[0m[1;32m1[0m[31mX[0m[35mE[0m
[1;32m1[0m[1;32m1[0m[1;32m1[0m[1;32m1[0m[1;32m1[0m[1;32m1[0m[1;32m1[0m[1;32m1[0m[1;32m1[0m[1;32m1[0m[1;32m1[0m[1;32m1[0m[1;32m1[0m[1;32m1[0m[1;32m1[0m[1;32m1[0m[1;32m1[0m[1;32m1[0m[1;32m1[0m[1;32m1[0m[1;32m1[0m[31mX[0m[35mE[0m
[31mX[0m[35mE[0m[35mE[0m[35mE[0m[35mE[0m[35mE[0m[35mE[0m[35mE[0m[35mE[0m[35mE[0m[35mE[0m[35mE[0m[35mE[0m[35mE[0m[35mE[0m[35mE[0m[35mE[0m[35mE[0m[35mE[0m[35mE[0m[35mE[0m[35mE[0m[35mE[0m
MAP COPY PRINTED

[1;32m!MAPA OK![0m



==== Falha no arquivo: maps/invalid/textures_forbidden.cub ====
Esperado: 1, Obtido: 0
COlor: 20
COlor: 20
COlor: 20

COlor: 200
COlor: 200
COlor: 200

TEXTURES textures/forbidden.xpm
.TEXTURES textures/west.xpm
.TEXTURES textures/east.xpm
.TEXTURES textures/south.xpm
.
[ORIGINAL MAP]
[1;32m1[0m[1;32m1[0m[1;32m1[0m[1;32m1[0m[1;32m1[0m[31mX[0m[35mE[0m
[1;32m1[0m[33m0[0m[33m0[0m[33m0[0m[1;32m1[0m[31mX[0m[35mE[0m
[1;32m1[0m[33m0[0m[1;31mN[0m[33m0[0m[1;32m1[0m[31mX[0m[35mE[0m
[1;32m1[0m[33m0[0m[33m0[0m[33m0[0m[1;32m1[0m[31mX[0m[35mE[0m
[1;32m1[0m[33m0[0m[33m0[0m[33m0[0m[1;32m1[0m[31mX[0m[35mE[0m
[1;32m1[0m[33m0[0m[33m0[0m[33m0[0m[1;32m1[0m[31mX[0m[35mE[0m
[1;32m1[0m[1;32m1[0m[33m0[0m[33m0[0m[1;32m1[0m[31mX[0m[35mE[0m
[1;32m1[0m[33m0[0m[33m0[0m[33m0[0m[1;32m1[0m[31mX[0m[35mE[0m
[1;32m1[0m[33m0[0m[33m0[0m[33m0[0m[1;32m1[0m[31mX[0m[35mE[0m
[1;32m1[0m[33m0[0m[33m0[0m[33m0[0m[1;32m1[0m[31mX[0m[35mE[0m
[1;32m1[0m[33m0[0m[33m0[0m[33m0[0m[1;32m1[0m[31mX[0m[35mE[0m
[1;32m1[0m[33m0[0m[33m0[0m[33m0[0m[1;32m1[0m[31mX[0m[35mE[0m
[1;32m1[0m[1;32m1[0m[1;32m1[0m[1;32m1[0m[1;32m1[0m[31mX[0m[35mE[0m
ORIGINAL MAP PRINTED

[MAP COPY:]
[1;32m1[0m[1;32m1[0m[1;32m1[0m[1;32m1[0m[1;32m1[0m[31mX[0m[35mE[0m
[1;32m1[0m[33m0[0m[33m0[0m[33m0[0m[1;32m1[0m[31mX[0m[35mE[0m
[1;32m1[0m[33m0[0m[1;31mN[0m[33m0[0m[1;32m1[0m[31mX[0m[35mE[0m
[1;32m1[0m[33m0[0m[33m0[0m[33m0[0m[1;32m1[0m[31mX[0m[35mE[0m
[1;32m1[0m[33m0[0m[33m0[0m[33m0[0m[1;32m1[0m[31mX[0m[35mE[0m
[1;32m1[0m[33m0[0m[33m0[0m[33m0[0m[1;32m1[0m[31mX[0m[35mE[0m
[1;32m1[0m[1;32m1[0m[33m0[0m[33m0[0m[1;32m1[0m[31mX[0m[35mE[0m
[1;32m1[0m[33m0[0m[33m0[0m[33m0[0m[1;32m1[0m[31mX[0m[35mE[0m
[1;32m1[0m[33m0[0m[33m0[0m[33m0[0m[1;32m1[0m[31mX[0m[35mE[0m
[1;32m1[0m[33m0[0m[33m0[0m[33m0[0m[1;32m1[0m[31mX[0m[35mE[0m
[1;32m1[0m[33m0[0m[33m0[0m[33m0[0m[1;32m1[0m[31mX[0m[35mE[0m
[1;32m1[0m[33m0[0m[33m0[0m[33m0[0m[1;32m1[0m[31mX[0m[35mE[0m
[1;32m1[0m[1;32m1[0m[1;32m1[0m[1;32m1[0m[1;32m1[0m[31mX[0m[35mE[0m
MAP COPY PRINTED
Nx = 2035931647
Ny = 2035931711

[1;32mFLOODFILL RESULT: [0m

[MAP COPY:]
[1;32m1[0m[1;32m1[0m[1;32m1[0m[1;32m1[0m[1;32m1[0m[31mX[0m[35mE[0m
[1;32m1[0m[1;32m1[0m[1;32m1[0m[1;32m1[0m[1;32m1[0m[31mX[0m[35mE[0m
[1;32m1[0m[1;32m1[0m[1;32m1[0m[1;32m1[0m[1;32m1[0m[31mX[0m[35mE[0m
[1;32m1[0m[1;32m1[0m[1;32m1[0m[1;32m1[0m[1;32m1[0m[31mX[0m[35mE[0m
[1;32m1[0m[1;32m1[0m[1;32m1[0m[1;32m1[0m[1;32m1[0m[31mX[0m[35mE[0m
[1;32m1[0m[1;32m1[0m[1;32m1[0m[1;32m1[0m[1;32m1[0m[31mX[0m[35mE[0m
[1;32m1[0m[1;32m1[0m[1;32m1[0m[1;32m1[0m[1;32m1[0m[31mX[0m[35mE[0m
[1;32m1[0m[1;32m1[0m[1;32m1[0m[1;32m1[0m[1;32m1[0m[31mX[0m[35mE[0m
[1;32m1[0m[1;32m1[0m[1;32m1[0m[1;32m1[0m[1;32m1[0m[31mX[0m[35mE[0m
[1;32m1[0m[1;32m1[0m[1;32m1[0m[1;32m1[0m[1;32m1[0m[31mX[0m[35mE[0m
[1;32m1[0m[1;32m1[0m[1;32m1[0m[1;32m1[0m[1;32m1[0m[31mX[0m[35mE[0m
[1;32m1[0m[1;32m1[0m[1;32m1[0m[1;32m1[0m[1;32m1[0m[31mX[0m[35mE[0m
[1;32m1[0m[1;32m1[0m[1;32m1[0m[1;32m1[0m[1;32m1[0m[31mX[0m[35mE[0m
MAP COPY PRINTED

[1;32m!MAPA OK![0m



==== Falha no arquivo: maps/invalid/wrong10.cub ====
Esperado: 1, Obtido: 0
COlor: 0
COlor: 120
COlor: 0

COlor: 0
COlor: 0
COlor: 120

TEXTURES ./images/north.xpm
.TEXTURES ./images/south.xpm
.TEXTURES ./images/ciao.xpm
.TEXTURES ./images/west.xpm
.
[ORIGINAL MAP]
[37mS[0m[37mS[0m[37mS[0m[37mS[0m[37mS[0m[37mS[0m[37mS[0m[37mS[0m[1;32m1[0m[1;32m1[0m[1;32m1[0m[1;32m1[0m[1;32m1[0m[1;32m1[0m[1;32m1[0m[1;32m1[0m[1;32m1[0m[1;32m1[0m[1;32m1[0m[1;32m1[0m[1;32m1[0m[1;32m1[0m[1;32m1[0m[1;32m1[0m[1;32m1[0m[1;32m1[0m[1;32m1[0m[1;32m1[0m[1;32m1[0m[1;32m1[0m[1;32m1[0m[1;32m1[0m[1;32m1[0m[31mX[0m[35mE[0m
[37mS[0m[37mS[0m[37mS[0m[37mS[0m[37mS[0m[37mS[0m[37mS[0m[1;32m1[0m[1;32m1[0m[33m0[0m[33m0[0m[33m0[0m[33m0[0m[33m0[0m[1;32m1[0m[33m0[0m[33m0[0m[33m0[0m[1;32m1[0m[1;32m1[0m[33m0[0m[33m0[0m[33m0[0m[33m0[0m[33m0[0m[33m0[0m[33m0[0m[33m0[0m[33m0[0m[33m0[0m[33m0[0m[33m0[0m[1;32m1[0m[31mX[0m[35mE[0m
[37mS[0m[37mS[0m[37mS[0m[37mS[0m[37mS[0m[37mS[0m[37mS[0m[37mS[0m[1;32m1[0m[33m0[0m[1;32m1[0m[1;32m1[0m[33m0[0m[33m0[0m[33m0[0m[33m0[0m[33m0[0m[1;32m1[0m[1;32m1[0m[1;32m1[0m[33m0[0m[33m0[0m[33m0[0m[33m0[0m[33m0[0m[33m0[0m[33m0[0m[33m0[0m[33m0[0m[33m0[0m[33m0[0m[33m0[0m[1;32m1[0m[31mX[0m[35mE[0m
[37mS[0m[37mS[0m[37mS[0m[37mS[0m[37mS[0m[37mS[0m[37mS[0m[37mS[0m[1;32m1[0m[33m0[0m[33m0[0m[1;32m1[0m[33m0[0m[33m0[0m[33m0[0m[33m0[0m[33m0[0m[33m0[0m[1;32m1[0m[33m0[0m[33m0[0m[33m0[0m[33m0[0m[33m0[0m[33m0[0m[33m0[0m[33m0[0m[33m0[0m[33m0[0m[1;32m1[0m[1;32m1[0m[1;32m1[0m[1;32m1[0m[31mX[0m[35mE[0m
[1;32m1[0m[1;32m1[0m[1;32m1[0m[1;32m1[0m[1;32m1[0m[1;32m1[0m[37mS[0m[37mS[0m[1;32m1[0m[33m0[0m[1;32m1[0m[1;32m1[0m[33m0[0m[33m0[0m[33m0[0m[1;32m1[0m[1;32m1[0m[1;32m1[0m[1;32m1[0m[1;32m1[0m[1;32m1[0m[1;32m1[0m[1;32m1[0m[1;32m1[0m[1;32m1[0m[1;32m1[0m[1;32m1[0m[1;32m1[0m[1;32m1[0m[1;32m1[0m[1;32m1[0m[37mS[0m[31mX[0m[35mE[0m[35mE[0m
[1;32m1[0m[1;32m1[0m[1;32m1[0m[1;32m1[0m[33m0[0m[1;32m1[0m[1;32m1[0m[37mS[0m[1;32m1[0m[1;32m1[0m[1;32m1[0m[1;32m1[0m[1;32m1[0m[1;32m1[0m[33m0[0m[1;32m1[0m[37mS[0m[1;32m1[0m[33m0[0m[33m0[0m[33m0[0m[33m0[0m[33m0[0m[33m0[0m[1;32m1[0m[33m0[0m[33m0[0m[33m0[0m[1;32m1[0m[37mS[0m[37mS[0m[37mS[0m[37mS[0m[31mX[0m[35mE[0m
[1;32m1[0m[1;32m1[0m[1;32m1[0m[1;32m1[0m[33m0[0m[1;32m1[0m[1;32m1[0m[1;32m1[0m[1;32m1[0m[1;32m1[0m[1;32m1[0m[1;32m1[0m[1;32m1[0m[1;32m1[0m[1;32m1[0m[1;32m1[0m[37mS[0m[1;32m1[0m[33m0[0m[1;32m1[0m[33m0[0m[1;32m1[0m[33m0[0m[33m0[0m[1;32m1[0m[33m0[0m[33m0[0m[33m0[0m[1;32m1[0m[31mX[0m[35mE[0m[35mE[0m[35mE[0m[35mE[0m[35mE[0m
[1;32m1[0m[1;32m1[0m[33m0[0m[33m0[0m[33m0[0m[33m0[0m[33m0[0m[33m0[0m[1;32m1[0m[1;32m1[0m[33m0[0m[1;32m1[0m[33m0[0m[1;32m1[0m[33m0[0m[1;32m1[0m[1;32m1[0m[1;32m1[0m[33m0[0m[33m0[0m[33m0[0m[33m0[0m[33m0[0m[33m0[0m[1;32m1[0m[33m0[0m[33m0[0m[33m0[0m[1;32m1[0m[31mX[0m[35mE[0m[35mE[0m[35mE[0m[35mE[0m[35mE[0m
[1;32m1[0m[33m0[0m[33m0[0m[33m0[0m[33m0[0m[33m0[0m[33m0[0m[33m0[0m[33m0[0m[33m0[0m[33m0[0m[33m0[0m[33m0[0m[33m0[0m[33m0[0m[33m0[0m[33m0[0m[33m0[0m[33m0[0m[33m0[0m[33m0[0m[33m0[0m[33m0[0m[33m0[0m[1;32m1[0m[33m0[0m[33m0[0m[33m0[0m[1;32m1[0m[31mX[0m[35mE[0m[35mE[0m[35mE[0m[35mE[0m[35mE[0m
[1;32m1[0m[33m0[0m[33m0[0m[33m0[0m[33m0[0m[33m0[0m[33m0[0m[33m0[0m[33m0[0m[33m0[0m[33m0[0m[33m0[0m[33m0[0m[33m0[0m[33m0[0m[1;32m1[0m[1;32m1[0m[1;32m1[0m[33m0[0m[1;32m1[0m[33m0[0m[1;32m1[0m[33m0[0m[33m0[0m[1;32m1[0m[33m0[0m[33m0[0m[33m0[0m[1;32m1[0m[31mX[0m[35mE[0m[35mE[0m[35mE[0m[35mE[0m[35mE[0m
[1;32m1[0m[1;32m1[0m[33m0[0m[33m0[0m[33m0[0m[33m0[0m[33m0[0m[1;32m1[0m[1;32m1[0m[1;32m1[0m[33m0[0m[1;32m1[0m[33m0[0m[1;32m1[0m[33m0[0m[1;32m1[0m[37mS[0m[1;32m1[0m[1;32m1[0m[1;32m1[0m[33m0[0m[1;32m1[0m[1;32m1[0m[1;32m1[0m[1;32m1[0m[33m0[0m[1;31mN[0m[33m0[0m[1;32m1[0m[1;32m1[0m[1;32m1[0m[31mX[0m[35mE[0m[35mE[0m[35mE[0m
[1;32m1[0m[1;32m1[0m[1;32m1[0m[1;32m1[0m[33m0[0m[1;32m1[0m[1;32m1[0m[1;32m1[0m[37mS[0m[1;32m1[0m[1;32m1[0m[1;32m1[0m[33m0[0m[1;32m1[0m[33m0[0m[1;32m1[0m[37mS[0m[1;32m1[0m[33m0[0m[1;32m1[0m[1;32m1[0m[1;32m1[0m[1;32m1[0m[33m0[0m[1;32m1[0m[33m0[0m[33m0[0m[33m0[0m[1;32m1[0m[31mX[0m[35mE[0m[35mE[0m[35mE[0m[35mE[0m[35mE[0m
[1;32m1[0m[1;32m1[0m[1;32m1[0m[1;32m1[0m[1;32m1[0m[1;32m1[0m[1;32m1[0m[1;32m1[0m[37mS[0m[1;32m1[0m[1;32m1[0m[1;32m1[0m[1;32m1[0m[1;32m1[0m[1;32m1[0m[1;32m1[0m[37mS[0m[1;32m1[0m[1;32m1[0m[1;32m1[0m[1;32m1[0m[1;32m1[0m[1;32m1[0m[1;32m1[0m[1;32m1[0m[1;32m1[0m[1;32m1[0m[1;32m1[0m[1;32m1[0m[31mX[0m[35mE[0m[35mE[0m[35mE[0m[35mE[0m[35mE[0m
ORIGINAL MAP PRINTED

[MAP COPY:]
[37mS[0m[37mS[0m[37mS[0m[37mS[0m[37mS[0m[37mS[0m[37mS[0m[37mS[0m[1;32m1[0m[1;32m1[0m[1;32m1[0m[1;32m1[0m[1;32m1[0m[1;32m1[0m[1;32m1[0m[1;32m1[0m[1;32m1[0m[1;32m1[0m[1;32m1[0m[1;32m1[0m[1;32m1[0m[1;32m1[0m[1;32m1[0m[1;32m1[0m[1;32m1[0m[1;32m1[0m[1;32m1[0m[1;32m1[0m[1;32m1[0m[1;32m1[0m[1;32m1[0m[1;32m1[0m[1;32m1[0m[31mX[0m[35mE[0m
[37mS[0m[37mS[0m[37mS[0m[37mS[0m[37mS[0m[37mS[0m[37mS[0m[1;32m1[0m[1;32m1[0m[33m0[0m[33m0[0m[33m0[0m[33m0[0m[33m0[0m[1;32m1[0m[33m0[0m[33m0[0m[33m0[0m[1;32m1[0m[1;32m1[0m[33m0[0m[33m0[0m[33m0[0m[33m0[0m[33m0[0m[33m0[0m[33m0[0m[33m0[0m[33m0[0m[33m0[0m[33m0[0m[33m0[0m[1;32m1[0m[31mX[0m[35mE[0m
[37mS[0m[37mS[0m[37mS[0m[37mS[0m[37mS[0m[37mS[0m[37mS[0m[37mS[0m[1;32m1[0m[33m0[0m[1;32m1[0m[1;32m1[0m[33m0[0m[33m0[0m[33m0[0m[33m0[0m[33m0[0m[1;32m1[0m[1;32m1[0m[1;32m1[0m[33m0[0m[33m0[0m[33m0[0m[33m0[0m[33m0[0m[33m0[0m[33m0[0m[33m0[0m[33m0[0m[33m0[0m[33m0[0m[33m0[0m[1;32m1[0m[31mX[0m[35mE[0m
[37mS[0m[37mS[0m[37mS[0m[37mS[0m[37mS[0m[37mS[0m[37mS[0m[37mS[0m[1;32m1[0m[33m0[0m[33m0[0m[1;32m1[0m[33m0[0m[33m0[0m[33m0[0m[33m0[0m[33m0[0m[33m0[0m[1;32m1[0m[33m0[0m[33m0[0m[33m0[0m[33m0[0m[33m0[0m[33m0[0m[33m0[0m[33m0[0m[33m0[0m[33m0[0m[1;32m1[0m[1;32m1[0m[1;32m1[0m[1;32m1[0m[31mX[0m[35mE[0m
[1;32m1[0m[1;32m1[0m[1;32m1[0m[1;32m1[0m[1;32m1[0m[1;32m1[0m[37mS[0m[37mS[0m[1;32m1[0m[33m0[0m[1;32m1[0m[1;32m1[0m[33m0[0m[33m0[0m[33m0[0m[1;32m1[0m[1;32m1[0m[1;32m1[0m[1;32m1[0m[1;32m1[0m[1;32m1[0m[1;32m1[0m[1;32m1[0m[1;32m1[0m[1;32m1[0m[1;32m1[0m[1;32m1[0m[1;32m1[0m[1;32m1[0m[1;32m1[0m[1;32m1[0m[37mS[0m[31mX[0m[35mE[0m[35mE[0m
[1;32m1[0m[1;32m1[0m[1;32m1[0m[1;32m1[0m[33m0[0m[1;32m1[0m[1;32m1[0m[37mS[0m[1;32m1[0m[1;32m1[0m[1;32m1[0m[1;32m1[0m[1;32m1[0m[1;32m1[0m[33m0[0m[1;32m1[0m[37mS[0m[1;32m1[0m[33m0[0m[33m0[0m[33m0[0m[33m0[0m[33m0[0m[33m0[0m[1;32m1[0m[33m0[0m[33m0[0m[33m0[0m[1;32m1[0m[37mS[0m[37mS[0m[37mS[0m[37mS[0m[31mX[0m[35mE[0m
[1;32m1[0m[1;32m1[0m[1;32m1[0m[1;32m1[0m[33m0[0m[1;32m1[0m[1;32m1[0m[1;32m1[0m[1;32m1[0m[1;32m1[0m[1;32m1[0m[1;32m1[0m[1;32m1[0m[1;32m1[0m[1;32m1[0m[1;32m1[0m[37mS[0m[1;32m1[0m[33m0[0m[1;32m1[0m[33m0[0m[1;32m1[0m[33m0[0m[33m0[0m[1;32m1[0m[33m0[0m[33m0[0m[33m0[0m[1;32m1[0m[31mX[0m[35mE[0m[35mE[0m[35mE[0m[35mE[0m[35mE[0m
[1;32m1[0m[1;32m1[0m[33m0[0m[33m0[0m[33m0[0m[33m0[0m[33m0[0m[33m0[0m[1;32m1[0m[1;32m1[0m[33m0[0m[1;32m1[0m[33m0[0m[1;32m1[0m[33m0[0m[1;32m1[0m[1;32m1[0m[1;32m1[0m[33m0[0m[33m0[0m[33m0[0m[33m0[0m[33m0[0m[33m0[0m[1;32m1[0m[33m0[0m[33m0[0m[33m0[0m[1;32m1[0m[31mX[0m[35mE[0m[35mE[0m[35mE[0m[35mE[0m[35mE[0m
[1;32m1[0m[33m0[0m[33m0[0m[33m0[0m[33m0[0m[33m0[0m[33m0[0m[33m0[0m[33m0[0m[33m0[0m[33m0[0m[33m0[0m[33m0[0m[33m0[0m[33m0[0m[33m0[0m[33m0[0m[33m0[0m[33m0[0m[33m0[0m[33m0[0m[33m0[0m[33m0[0m[33m0[0m[1;32m1[0m[33m0[0m[33m0[0m[33m0[0m[1;32m1[0m[31mX[0m[35mE[0m[35mE[0m[35mE[0m[35mE[0m[35mE[0m
[1;32m1[0m[33m0[0m[33m0[0m[33m0[0m[33m0[0m[33m0[0m[33m0[0m[33m0[0m[33m0[0m[33m0[0m[33m0[0m[33m0[0m[33m0[0m[33m0[0m[33m0[0m[1;32m1[0m[1;32m1[0m[1;32m1[0m[33m0[0m[1;32m1[0m[33m0[0m[1;32m1[0m[33m0[0m[33m0[0m[1;32m1[0m[33m0[0m[33m0[0m[33m0[0m[1;32m1[0m[31mX[0m[35mE[0m[35mE[0m[35mE[0m[35mE[0m[35mE[0m
[1;32m1[0m[1;32m1[0m[33m0[0m[33m0[0m[33m0[0m[33m0[0m[33m0[0m[1;32m1[0m[1;32m1[0m[1;32m1[0m[33m0[0m[1;32m1[0m[33m0[0m[1;32m1[0m[33m0[0m[1;32m1[0m[37mS[0m[1;32m1[0m[1;32m1[0m[1;32m1[0m[33m0[0m[1;32m1[0m[1;32m1[0m[1;32m1[0m[1;32m1[0m[33m0[0m[1;31mN[0m[33m0[0m[1;32m1[0m[1;32m1[0m[1;32m1[0m[31mX[0m[35mE[0m[35mE[0m[35mE[0m
[1;32m1[0m[1;32m1[0m[1;32m1[0m[1;32m1[0m[33m0[0m[1;32m1[0m[1;32m1[0m[1;32m1[0m[37mS[0m[1;32m1[0m[1;32m1[0m[1;32m1[0m[33m0[0m[1;32m1[0m[33m0[0m[1;32m1[0m[37mS[0m[1;32m1[0m[33m0[0m[1;32m1[0m[1;32m1[0m[1;32m1[0m[1;32m1[0m[33m0[0m[1;32m1[0m[33m0[0m[33m0[0m[33m0[0m[1;32m1[0m[31mX[0m[35mE[0m[35mE[0m[35mE[0m[35mE[0m[35mE[0m
[1;32m1[0m[1;32m1[0m[1;32m1[0m[1;32m1[0m[1;32m1[0m[1;32m1[0m[1;32m1[0m[1;32m1[0m[37mS[0m[1;32m1[0m[1;32m1[0m[1;32m1[0m[1;32m1[0m[1;32m1[0m[1;32m1[0m[1;32m1[0m[37mS[0m[1;32m1[0m[1;32m1[0m[1;32m1[0m[1;32m1[0m[1;32m1[0m[1;32m1[0m[1;32m1[0m[1;32m1[0m[1;32m1[0m[1;32m1[0m[1;32m1[0m[1;32m1[0m[31mX[0m[35mE[0m[35mE[0m[35mE[0m[35mE[0m[35mE[0m
MAP COPY PRINTED
Nx = -1476353713
Ny = -1476353649

[1;32mFLOODFILL RESULT: [0m

[MAP COPY:]
[37mS[0m[37mS[0m[37mS[0m[37mS[0m[37mS[0m[37mS[0m[37mS[0m[37mS[0m[1;32m1[0m[1;32m1[0m[1;32m1[0m[1;32m1[0m[1;32m1[0m[1;32m1[0m[1;32m1[0m[1;32m1[0m[1;32m1[0m[1;32m1[0m[1;32m1[0m[1;32m1[0m[1;32m1[0m[1;32m1[0m[1;32m1[0m[1;32m1[0m[1;32m1[0m[1;32m1[0m[1;32m1[0m[1;32m1[0m[1;32m1[0m[1;32m1[0m[1;32m1[0m[1;32m1[0m[1;32m1[0m[31mX[0m[35mE[0m
[37mS[0m[37mS[0m[37mS[0m[37mS[0m[37mS[0m[37mS[0m[37mS[0m[1;32m1[0m[1;32m1[0m[33m0[0m[33m0[0m[33m0[0m[33m0[0m[33m0[0m[1;32m1[0m[33m0[0m[33m0[0m[33m0[0m[1;32m1[0m[1;32m1[0m[33m0[0m[33m0[0m[33m0[0m[33m0[0m[33m0[0m[33m0[0m[33m0[0m[33m0[0m[33m0[0m[33m0[0m[33m0[0m[33m0[0m[1;32m1[0m[31mX[0m[35mE[0m
[37mS[0m[37mS[0m[37mS[0m[37mS[0m[37mS[0m[37mS[0m[37mS[0m[37mS[0m[1;32m1[0m[33m0[0m[1;32m1[0m[1;32m1[0m[33m0[0m[33m0[0m[33m0[0m[33m0[0m[33m0[0m[1;32m1[0m[1;32m1[0m[1;32m1[0m[33m0[0m[33m0[0m[33m0[0m[33m0[0m[33m0[0m[33m0[0m[33m0[0m[33m0[0m[33m0[0m[33m0[0m[33m0[0m[33m0[0m[1;32m1[0m[31mX[0m[35mE[0m
[37mS[0m[37mS[0m[37mS[0m[37mS[0m[37mS[0m[37mS[0m[37mS[0m[37mS[0m[1;32m1[0m[33m0[0m[33m0[0m[1;32m1[0m[33m0[0m[33m0[0m[33m0[0m[33m0[0m[33m0[0m[33m0[0m[1;32m1[0m[33m0[0m[33m0[0m[33m0[0m[33m0[0m[33m0[0m[33m0[0m[33m0[0m[33m0[0m[33m0[0m[33m0[0m[1;32m1[0m[1;32m1[0m[1;32m1[0m[1;32m1[0m[31mX[0m[35mE[0m
[1;32m1[0m[1;32m1[0m[1;32m1[0m[1;32m1[0m[1;32m1[0m[1;32m1[0m[37mS[0m[37mS[0m[1;32m1[0m[33m0[0m[1;32m1[0m[1;32m1[0m[33m0[0m[33m0[0m[33m0[0m[1;32m1[0m[1;32m1[0m[1;32m1[0m[1;32m1[0m[1;32m1[0m[1;32m1[0m[1;32m1[0m[1;32m1[0m[1;32m1[0m[1;32m1[0m[1;32m1[0m[1;32m1[0m[1;32m1[0m[1;32m1[0m[1;32m1[0m[1;32m1[0m[37mS[0m[31mX[0m[35mE[0m[35mE[0m
[1;32m1[0m[1;32m1[0m[1;32m1[0m[1;32m1[0m[33m0[0m[1;32m1[0m[1;32m1[0m[37mS[0m[1;32m1[0m[1;32m1[0m[1;32m1[0m[1;32m1[0m[1;32m1[0m[1;32m1[0m[33m0[0m[1;32m1[0m[37mS[0m[1;32m1[0m[33m0[0m[33m0[0m[33m0[0m[33m0[0m[33m0[0m[33m0[0m[1;32m1[0m[1;32m1[0m[1;32m1[0m[1;32m1[0m[1;32m1[0m[37mS[0m[37mS[0m[37mS[0m[37mS[0m[31mX[0m[35mE[0m
[1;32m1[0m[1;32m1[0m[1;32m1[0m[1;32m1[0m[33m0[0m[1;32m1[0m[1;32m1[0m[1;32m1[0m[1;32m1[0m[1;32m1[0m[1;32m1[0m[1;32m1[0m[1;32m1[0m[1;32m1[0m[1;32m1[0m[1;32m1[0m[37mS[0m[1;32m1[0m[33m0[0m[1;32m1[0m[33m0[0m[1;32m1[0m[33m0[0m[33m0[0m[1;32m1[0m[1;32m1[0m[1;32m1[0m[1;32m1[0m[1;32m1[0m[31mX[0m[35mE[0m[35mE[0m[35mE[0m[35mE[0m[35mE[0m
[1;32m1[0m[1;32m1[0m[33m0[0m[33m0[0m[33m0[0m[33m0[0m[33m0[0m[33m0[0m[1;32m1[0m[1;32m1[0m[33m0[0m[1;32m1[0m[33m0[0m[1;32m1[0m[33m0[0m[1;32m1[0m[1;32m1[0m[1;32m1[0m[33m0[0m[33m0[0m[33m0[0m[33m0[0m[33m0[0m[33m0[0m[1;32m1[0m[1;32m1[0m[1;32m1[0m[1;32m1[0m[1;32m1[0m[31mX[0m[35mE[0m[35mE[0m[35mE[0m[35mE[0m[35mE[0m
[1;32m1[0m[33m0[0m[33m0[0m[33m0[0m[33m0[0m[33m0[0m[33m0[0m[33m0[0m[33m0[0m[33m0[0m[33m0[0m[33m0[0m[33m0[0m[33m0[0m[33m0[0m[33m0[0m[33m0[0m[33m0[0m[33m0[0m[33m0[0m[33m0[0m[33m0[0m[33m0[0m[33m0[0m[1;32m1[0m[1;32m1[0m[1;32m1[0m[1;32m1[0m[1;32m1[0m[31mX[0m[35mE[0m[35mE[0m[35mE[0m[35mE[0m[35mE[0m
[1;32m1[0m[33m0[0m[33m0[0m[33m0[0m[33m0[0m[33m0[0m[33m0[0m[33m0[0m[33m0[0m[33m0[0m[33m0[0m[33m0[0m[33m0[0m[33m0[0m[33m0[0m[1;32m1[0m[1;32m1[0m[1;32m1[0m[33m0[0m[1;32m1[0m[33m0[0m[1;32m1[0m[33m0[0m[33m0[0m[1;32m1[0m[1;32m1[0m[1;32m1[0m[1;32m1[0m[1;32m1[0m[31mX[0m[35mE[0m[35mE[0m[35mE[0m[35mE[0m[35mE[0m
[1;32m1[0m[1;32m1[0m[33m0[0m[33m0[0m[33m0[0m[33m0[0m[33m0[0m[1;32m1[0m[1;32m1[0m[1;32m1[0m[33m0[0m[1;32m1[0m[33m0[0m[1;32m1[0m[33m0[0m[1;32m1[0m[37mS[0m[1;32m1[0m[1;32m1[0m[1;32m1[0m[33m0[0m[1;32m1[0m[1;32m1[0m[1;32m1[0m[1;32m1[0m[1;32m1[0m[1;32m1[0m[1;32m1[0m[1;32m1[0m[1;32m1[0m[1;32m1[0m[31mX[0m[35mE[0m[35mE[0m[35mE[0m
[1;32m1[0m[1;32m1[0m[1;32m1[0m[1;32m1[0m[33m0[0m[1;32m1[0m[1;32m1[0m[1;32m1[0m[37mS[0m[1;32m1[0m[1;32m1[0m[1;32m1[0m[33m0[0m[1;32m1[0m[33m0[0m[1;32m1[0m[37mS[0m[1;32m1[0m[33m0[0m[1;32m1[0m[1;32m1[0m[1;32m1[0m[1;32m1[0m[33m0[0m[1;32m1[0m[1;32m1[0m[1;32m1[0m[1;32m1[0m[1;32m1[0m[31mX[0m[35mE[0m[35mE[0m[35mE[0m[35mE[0m[35mE[0m
[1;32m1[0m[1;32m1[0m[1;32m1[0m[1;32m1[0m[1;32m1[0m[1;32m1[0m[1;32m1[0m[1;32m1[0m[37mS[0m[1;32m1[0m[1;32m1[0m[1;32m1[0m[1;32m1[0m[1;32m1[0m[1;32m1[0m[1;32m1[0m[37mS[0m[1;32m1[0m[1;32m1[0m[1;32m1[0m[1;32m1[0m[1;32m1[0m[1;32m1[0m[1;32m1[0m[1;32m1[0m[1;32m1[0m[1;32m1[0m[1;32m1[0m[1;32m1[0m[31mX[0m[35mE[0m[35mE[0m[35mE[0m[35mE[0m[35mE[0m
MAP COPY PRINTED

[1;32m!MAPA OK![0m



==== Falha no arquivo: maps/invalid/wrong1.cub ====
Esperado: 1, Obtido: 0
COlor: 0
COlor: 120
COlor: 0

COlor: 0
COlor: 0
COlor: 120

TEXTURES ./images/ciao.xpm
.TEXTURES ./images/south.xpm
.TEXTURES ./images/east.xpm
.TEXTURES ./images/west.xpm
.
[ORIGINAL MAP]
[37mS[0m[37mS[0m[37mS[0m[37mS[0m[37mS[0m[37mS[0m[37mS[0m[37mS[0m[1;32m1[0m[1;32m1[0m[1;32m1[0m[1;32m1[0m[1;32m1[0m[1;32m1[0m[1;32m1[0m[1;32m1[0m[1;32m1[0m[1;32m1[0m[1;32m1[0m[1;32m1[0m[1;32m1[0m[1;32m1[0m[1;32m1[0m[1;32m1[0m[1;32m1[0m[1;32m1[0m[1;32m1[0m[1;32m1[0m[1;32m1[0m[1;32m1[0m[1;32m1[0m[1;32m1[0m[1;32m1[0m[31mX[0m[35mE[0m
[37mS[0m[37mS[0m[37mS[0m[37mS[0m[37mS[0m[37mS[0m[37mS[0m[1;32m1[0m[1;32m1[0m[33m0[0m[33m0[0m[33m0[0m[33m0[0m[33m0[0m[1;32m1[0m[33m0[0m[33m0[0m[33m0[0m[1;32m1[0m[1;32m1[0m[33m0[0m[33m0[0m[33m0[0m[33m0[0m[33m0[0m[33m0[0m[33m0[0m[33m0[0m[33m0[0m[33m0[0m[33m0[0m[33m0[0m[1;32m1[0m[31mX[0m[35mE[0m
[37mS[0m[37mS[0m[37mS[0m[37mS[0m[37mS[0m[37mS[0m[37mS[0m[37mS[0m[1;32m1[0m[33m0[0m[1;32m1[0m[1;32m1[0m[33m0[0m[33m0[0m[33m0[0m[33m0[0m[33m0[0m[1;32m1[0m[1;32m1[0m[1;32m1[0m[33m0[0m[33m0[0m[33m0[0m[33m0[0m[33m0[0m[33m0[0m[33m0[0m[33m0[0m[33m0[0m[33m0[0m[33m0[0m[33m0[0m[1;32m1[0m[31mX[0m[35mE[0m
[37mS[0m[37mS[0m[37mS[0m[37mS[0m[37mS[0m[37mS[0m[37mS[0m[37mS[0m[1;32m1[0m[33m0[0m[33m0[0m[1;32m1[0m[33m0[0m[33m0[0m[33m0[0m[33m0[0m[33m0[0m[33m0[0m[1;32m1[0m[33m0[0m[33m0[0m[33m0[0m[33m0[0m[33m0[0m[33m0[0m[33m0[0m[33m0[0m[33m0[0m[33m0[0m[1;32m1[0m[1;32m1[0m[1;32m1[0m[1;32m1[0m[31mX[0m[35mE[0m
[1;32m1[0m[1;32m1[0m[1;32m1[0m[1;32m1[0m[1;32m1[0m[1;32m1[0m[37mS[0m[37mS[0m[1;32m1[0m[33m0[0m[1;32m1[0m[1;32m1[0m[33m0[0m[33m0[0m[33m0[0m[1;32m1[0m[1;32m1[0m[1;32m1[0m[1;32m1[0m[1;32m1[0m[1;32m1[0m[1;32m1[0m[1;32m1[0m[1;32m1[0m[1;32m1[0m[1;32m1[0m[1;32m1[0m[1;32m1[0m[1;32m1[0m[1;32m1[0m[1;32m1[0m[37mS[0m[31mX[0m[35mE[0m[35mE[0m
[1;32m1[0m[1;32m1[0m[1;32m1[0m[1;32m1[0m[33m0[0m[1;32m1[0m[1;32m1[0m[37mS[0m[1;32m1[0m[1;32m1[0m[1;32m1[0m[1;32m1[0m[1;32m1[0m[1;32m1[0m[33m0[0m[1;32m1[0m[37mS[0m[1;32m1[0m[33m0[0m[33m0[0m[33m0[0m[33m0[0m[33m0[0m[33m0[0m[1;32m1[0m[33m0[0m[33m0[0m[33m0[0m[1;32m1[0m[37mS[0m[37mS[0m[37mS[0m[37mS[0m[31mX[0m[35mE[0m
[1;32m1[0m[1;32m1[0m[1;32m1[0m[1;32m1[0m[33m0[0m[1;32m1[0m[1;32m1[0m[1;32m1[0m[1;32m1[0m[1;32m1[0m[1;32m1[0m[1;32m1[0m[1;32m1[0m[1;32m1[0m[1;32m1[0m[1;32m1[0m[37mS[0m[1;32m1[0m[33m0[0m[1;32m1[0m[33m0[0m[1;32m1[0m[33m0[0m[33m0[0m[1;32m1[0m[33m0[0m[33m0[0m[33m0[0m[1;32m1[0m[31mX[0m[35mE[0m[35mE[0m[35mE[0m[35mE[0m[35mE[0m
[1;32m1[0m[1;32m1[0m[33m0[0m[33m0[0m[33m0[0m[33m0[0m[33m0[0m[33m0[0m[1;32m1[0m[1;32m1[0m[33m0[0m[1;32m1[0m[33m0[0m[1;32m1[0m[33m0[0m[1;32m1[0m[1;32m1[0m[1;32m1[0m[33m0[0m[33m0[0m[33m0[0m[33m0[0m[33m0[0m[33m0[0m[1;32m1[0m[33m0[0m[33m0[0m[33m0[0m[1;32m1[0m[31mX[0m[35mE[0m[35mE[0m[35mE[0m[35mE[0m[35mE[0m
[1;32m1[0m[33m0[0m[33m0[0m[33m0[0m[33m0[0m[33m0[0m[33m0[0m[33m0[0m[33m0[0m[33m0[0m[33m0[0m[33m0[0m[33m0[0m[33m0[0m[33m0[0m[33m0[0m[33m0[0m[33m0[0m[33m0[0m[33m0[0m[33m0[0m[33m0[0m[33m0[0m[33m0[0m[1;32m1[0m[33m0[0m[33m0[0m[33m0[0m[1;32m1[0m[31mX[0m[35mE[0m[35mE[0m[35mE[0m[35mE[0m[35mE[0m
[1;32m1[0m[33m0[0m[33m0[0m[33m0[0m[33m0[0m[33m0[0m[33m0[0m[33m0[0m[33m0[0m[33m0[0m[33m0[0m[33m0[0m[33m0[0m[33m0[0m[33m0[0m[1;32m1[0m[1;32m1[0m[1;32m1[0m[33m0[0m[1;32m1[0m[33m0[0m[1;32m1[0m[33m0[0m[33m0[0m[1;32m1[0m[33m0[0m[33m0[0m[33m0[0m[1;32m1[0m[31mX[0m[35mE[0m[35mE[0m[35mE[0m[35mE[0m[35mE[0m
[1;32m1[0m[1;32m1[0m[33m0[0m[33m0[0m[33m0[0m[33m0[0m[33m0[0m[1;32m1[0m[1;32m1[0m[1;32m1[0m[33m0[0m[1;32m1[0m[33m0[0m[1;32m1[0m[33m0[0m[1;32m1[0m[37mS[0m[1;32m1[0m[1;32m1[0m[1;32m1[0m[33m0[0m[1;32m1[0m[1;32m1[0m[1;32m1[0m[1;32m1[0m[33m0[0m[1;31mN[0m[33m0[0m[1;32m1[0m[1;32m1[0m[1;32m1[0m[31mX[0m[35mE[0m[35mE[0m[35mE[0m
[1;32m1[0m[1;32m1[0m[1;32m1[0m[1;32m1[0m[33m0[0m[1;32m1[0m[1;32m1[0m[1;32m1[0m[37mS[0m[1;32m1[0m[1;32m1[0m[1;32m1[0m[33m0[0m[1;32m1[0m[33m0[0m[1;32m1[0m[37mS[0m[1;32m1[0m[33m0[0m[1;32m1[0m[1;32m1[0m[1;32m1[0m[1;32m1[0m[33m0[0m[1;32m1[0m[33m0[0m[33m0[0m[33m0[0m[1;32m1[0m[31mX[0m[35mE[0m[35mE[0m[35mE[0m[35mE[0m[35mE[0m
[1;32m1[0m[1;32m1[0m[1;32m1[0m[1;32m1[0m[1;32m1[0m[1;32m1[0m[1;32m1[0m[1;32m1[0m[37mS[0m[1;32m1[0m[1;32m1[0m[1;32m1[0m[1;32m1[0m[1;32m1[0m[1;32m1[0m[1;32m1[0m[37mS[0m[1;32m1[0m[1;32m1[0m[1;32m1[0m[1;32m1[0m[1;32m1[0m[1;32m1[0m[1;32m1[0m[1;32m1[0m[1;32m1[0m[1;32m1[0m[1;32m1[0m[1;32m1[0m[31mX[0m[35mE[0m[35mE[0m[35mE[0m[35mE[0m[35mE[0m
ORIGINAL MAP PRINTED

[MAP COPY:]
[37mS[0m[37mS[0m[37mS[0m[37mS[0m[37mS[0m[37mS[0m[37mS[0m[37mS[0m[1;32m1[0m[1;32m1[0m[1;32m1[0m[1;32m1[0m[1;32m1[0m[1;32m1[0m[1;32m1[0m[1;32m1[0m[1;32m1[0m[1;32m1[0m[1;32m1[0m[1;32m1[0m[1;32m1[0m[1;32m1[0m[1;32m1[0m[1;32m1[0m[1;32m1[0m[1;32m1[0m[1;32m1[0m[1;32m1[0m[1;32m1[0m[1;32m1[0m[1;32m1[0m[1;32m1[0m[1;32m1[0m[31mX[0m[35mE[0m
[37mS[0m[37mS[0m[37mS[0m[37mS[0m[37mS[0m[37mS[0m[37mS[0m[1;32m1[0m[1;32m1[0m[33m0[0m[33m0[0m[33m0[0m[33m0[0m[33m0[0m[1;32m1[0m[33m0[0m[33m0[0m[33m0[0m[1;32m1[0m[1;32m1[0m[33m0[0m[33m0[0m[33m0[0m[33m0[0m[33m0[0m[33m0[0m[33m0[0m[33m0[0m[33m0[0m[33m0[0m[33m0[0m[33m0[0m[1;32m1[0m[31mX[0m[35mE[0m
[37mS[0m[37mS[0m[37mS[0m[37mS[0m[37mS[0m[37mS[0m[37mS[0m[37mS[0m[1;32m1[0m[33m0[0m[1;32m1[0m[1;32m1[0m[33m0[0m[33m0[0m[33m0[0m[33m0[0m[33m0[0m[1;32m1[0m[1;32m1[0m[1;32m1[0m[33m0[0m[33m0[0m[33m0[0m[33m0[0m[33m0[0m[33m0[0m[33m0[0m[33m0[0m[33m0[0m[33m0[0m[33m0[0m[33m0[0m[1;32m1[0m[31mX[0m[35mE[0m
[37mS[0m[37mS[0m[37mS[0m[37mS[0m[37mS[0m[37mS[0m[37mS[0m[37mS[0m[1;32m1[0m[33m0[0m[33m0[0m[1;32m1[0m[33m0[0m[33m0[0m[33m0[0m[33m0[0m[33m0[0m[33m0[0m[1;32m1[0m[33m0[0m[33m0[0m[33m0[0m[33m0[0m[33m0[0m[33m0[0m[33m0[0m[33m0[0m[33m0[0m[33m0[0m[1;32m1[0m[1;32m1[0m[1;32m1[0m[1;32m1[0m[31mX[0m[35mE[0m
[1;32m1[0m[1;32m1[0m[1;32m1[0m[1;32m1[0m[1;32m1[0m[1;32m1[0m[37mS[0m[37mS[0m[1;32m1[0m[33m0[0m[1;32m1[0m[1;32m1[0m[33m0[0m[33m0[0m[33m0[0m[1;32m1[0m[1;32m1[0m[1;32m1[0m[1;32m1[0m[1;32m1[0m[1;32m1[0m[1;32m1[0m[1;32m1[0m[1;32m1[0m[1;32m1[0m[1;32m1[0m[1;32m1[0m[1;32m1[0m[1;32m1[0m[1;32m1[0m[1;32m1[0m[37mS[0m[31mX[0m[35mE[0m[35mE[0m
[1;32m1[0m[1;32m1[0m[1;32m1[0m[1;32m1[0m[33m0[0m[1;32m1[0m[1;32m1[0m[37mS[0m[1;32m1[0m[1;32m1[0m[1;32m1[0m[1;32m1[0m[1;32m1[0m[1;32m1[0m[33m0[0m[1;32m1[0m[37mS[0m[1;32m1[0m[33m0[0m[33m0[0m[33m0[0m[33m0[0m[33m0[0m[33m0[0m[1;32m1[0m[33m0[0m[33m0[0m[33m0[0m[1;32m1[0m[37mS[0m[37mS[0m[37mS[0m[37mS[0m[31mX[0m[35mE[0m
[1;32m1[0m[1;32m1[0m[1;32m1[0m[1;32m1[0m[33m0[0m[1;32m1[0m[1;32m1[0m[1;32m1[0m[1;32m1[0m[1;32m1[0m[1;32m1[0m[1;32m1[0m[1;32m1[0m[1;32m1[0m[1;32m1[0m[1;32m1[0m[37mS[0m[1;32m1[0m[33m0[0m[1;32m1[0m[33m0[0m[1;32m1[0m[33m0[0m[33m0[0m[1;32m1[0m[33m0[0m[33m0[0m[33m0[0m[1;32m1[0m[31mX[0m[35mE[0m[35mE[0m[35mE[0m[35mE[0m[35mE[0m
[1;32m1[0m[1;32m1[0m[33m0[0m[33m0[0m[33m0[0m[33m0[0m[33m0[0m[33m0[0m[1;32m1[0m[1;32m1[0m[33m0[0m[1;32m1[0m[33m0[0m[1;32m1[0m[33m0[0m[1;32m1[0m[1;32m1[0m[1;32m1[0m[33m0[0m[33m0[0m[33m0[0m[33m0[0m[33m0[0m[33m0[0m[1;32m1[0m[33m0[0m[33m0[0m[33m0[0m[1;32m1[0m[31mX[0m[35mE[0m[35mE[0m[35mE[0m[35mE[0m[35mE[0m
[1;32m1[0m[33m0[0m[33m0[0m[33m0[0m[33m0[0m[33m0[0m[33m0[0m[33m0[0m[33m0[0m[33m0[0m[33m0[0m[33m0[0m[33m0[0m[33m0[0m[33m0[0m[33m0[0m[33m0[0m[33m0[0m[33m0[0m[33m0[0m[33m0[0m[33m0[0m[33m0[0m[33m0[0m[1;32m1[0m[33m0[0m[33m0[0m[33m0[0m[1;32m1[0m[31mX[0m[35mE[0m[35mE[0m[35mE[0m[35mE[0m[35mE[0m
[1;32m1[0m[33m0[0m[33m0[0m[33m0[0m[33m0[0m[33m0[0m[33m0[0m[33m0[0m[33m0[0m[33m0[0m[33m0[0m[33m0[0m[33m0[0m[33m0[0m[33m0[0m[1;32m1[0m[1;32m1[0m[1;32m1[0m[33m0[0m[1;32m1[0m[33m0[0m[1;32m1[0m[33m0[0m[33m0[0m[1;32m1[0m[33m0[0m[33m0[0m[33m0[0m[1;32m1[0m[31mX[0m[35mE[0m[35mE[0m[35mE[0m[35mE[0m[35mE[0m
[1;32m1[0m[1;32m1[0m[33m0[0m[33m0[0m[33m0[0m[33m0[0m[33m0[0m[1;32m1[0m[1;32m1[0m[1;32m1[0m[33m0[0m[1;32m1[0m[33m0[0m[1;32m1[0m[33m0[0m[1;32m1[0m[37mS[0m[1;32m1[0m[1;32m1[0m[1;32m1[0m[33m0[0m[1;32m1[0m[1;32m1[0m[1;32m1[0m[1;32m1[0m[33m0[0m[1;31mN[0m[33m0[0m[1;32m1[0m[1;32m1[0m[1;32m1[0m[31mX[0m[35mE[0m[35mE[0m[35mE[0m
[1;32m1[0m[1;32m1[0m[1;32m1[0m[1;32m1[0m[33m0[0m[1;32m1[0m[1;32m1[0m[1;32m1[0m[37mS[0m[1;32m1[0m[1;32m1[0m[1;32m1[0m[33m0[0m[1;32m1[0m[33m0[0m[1;32m1[0m[37mS[0m[1;32m1[0m[33m0[0m[1;32m1[0m[1;32m1[0m[1;32m1[0m[1;32m1[0m[33m0[0m[1;32m1[0m[33m0[0m[33m0[0m[33m0[0m[1;32m1[0m[31mX[0m[35mE[0m[35mE[0m[35mE[0m[35mE[0m[35mE[0m
[1;32m1[0m[1;32m1[0m[1;32m1[0m[1;32m1[0m[1;32m1[0m[1;32m1[0m[1;32m1[0m[1;32m1[0m[37mS[0m[1;32m1[0m[1;32m1[0m[1;32m1[0m[1;32m1[0m[1;32m1[0m[1;32m1[0m[1;32m1[0m[37mS[0m[1;32m1[0m[1;32m1[0m[1;32m1[0m[1;32m1[0m[1;32m1[0m[1;32m1[0m[1;32m1[0m[1;32m1[0m[1;32m1[0m[1;32m1[0m[1;32m1[0m[1;32m1[0m[31mX[0m[35mE[0m[35mE[0m[35mE[0m[35mE[0m[35mE[0m
MAP COPY PRINTED
Nx = 2087823743
Ny = 2087823807

[1;32mFLOODFILL RESULT: [0m

[MAP COPY:]
[37mS[0m[37mS[0m[37mS[0m[37mS[0m[37mS[0m[37mS[0m[37mS[0m[37mS[0m[1;32m1[0m[1;32m1[0m[1;32m1[0m[1;32m1[0m[1;32m1[0m[1;32m1[0m[1;32m1[0m[1;32m1[0m[1;32m1[0m[1;32m1[0m[1;32m1[0m[1;32m1[0m[1;32m1[0m[1;32m1[0m[1;32m1[0m[1;32m1[0m[1;32m1[0m[1;32m1[0m[1;32m1[0m[1;32m1[0m[1;32m1[0m[1;32m1[0m[1;32m1[0m[1;32m1[0m[1;32m1[0m[31mX[0m[35mE[0m
[37mS[0m[37mS[0m[37mS[0m[37mS[0m[37mS[0m[37mS[0m[37mS[0m[1;32m1[0m[1;32m1[0m[33m0[0m[33m0[0m[33m0[0m[33m0[0m[33m0[0m[1;32m1[0m[33m0[0m[33m0[0m[33m0[0m[1;32m1[0m[1;32m1[0m[33m0[0m[33m0[0m[33m0[0m[33m0[0m[33m0[0m[33m0[0m[33m0[0m[33m0[0m[33m0[0m[33m0[0m[33m0[0m[33m0[0m[1;32m1[0m[31mX[0m[35mE[0m
[37mS[0m[37mS[0m[37mS[0m[37mS[0m[37mS[0m[37mS[0m[37mS[0m[37mS[0m[1;32m1[0m[33m0[0m[1;32m1[0m[1;32m1[0m[33m0[0m[33m0[0m[33m0[0m[33m0[0m[33m0[0m[1;32m1[0m[1;32m1[0m[1;32m1[0m[33m0[0m[33m0[0m[33m0[0m[33m0[0m[33m0[0m[33m0[0m[33m0[0m[33m0[0m[33m0[0m[33m0[0m[33m0[0m[33m0[0m[1;32m1[0m[31mX[0m[35mE[0m
[37mS[0m[37mS[0m[37mS[0m[37mS[0m[37mS[0m[37mS[0m[37mS[0m[37mS[0m[1;32m1[0m[33m0[0m[33m0[0m[1;32m1[0m[33m0[0m[33m0[0m[33m0[0m[33m0[0m[33m0[0m[33m0[0m[1;32m1[0m[33m0[0m[33m0[0m[33m0[0m[33m0[0m[33m0[0m[33m0[0m[33m0[0m[33m0[0m[33m0[0m[33m0[0m[1;32m1[0m[1;32m1[0m[1;32m1[0m[1;32m1[0m[31mX[0m[35mE[0m
[1;32m1[0m[1;32m1[0m[1;32m1[0m[1;32m1[0m[1;32m1[0m[1;32m1[0m[37mS[0m[37mS[0m[1;32m1[0m[33m0[0m[1;32m1[0m[1;32m1[0m[33m0[0m[33m0[0m[33m0[0m[1;32m1[0m[1;32m1[0m[1;32m1[0m[1;32m1[0m[1;32m1[0m[1;32m1[0m[1;32m1[0m[1;32m1[0m[1;32m1[0m[1;32m1[0m[1;32m1[0m[1;32m1[0m[1;32m1[0m[1;32m1[0m[1;32m1[0m[1;32m1[0m[37mS[0m[31mX[0m[35mE[0m[35mE[0m
[1;32m1[0m[1;32m1[0m[1;32m1[0m[1;32m1[0m[33m0[0m[1;32m1[0m[1;32m1[0m[37mS[0m[1;32m1[0m[1;32m1[0m[1;32m1[0m[1;32m1[0m[1;32m1[0m[1;32m1[0m[33m0[0m[1;32m1[0m[37mS[0m[1;32m1[0m[33m0[0m[33m0[0m[33m0[0m[33m0[0m[33m0[0m[33m0[0m[1;32m1[0m[1;32m1[0m[1;32m1[0m[1;32m1[0m[1;32m1[0m[37mS[0m[37mS[0m[37mS[0m[37mS[0m[31mX[0m[35mE[0m
[1;32m1[0m[1;32m1[0m[1;32m1[0m[1;32m1[0m[33m0[0m[1;32m1[0m[1;32m1[0m[1;32m1[0m[1;32m1[0m[1;32m1[0m[1;32m1[0m[1;32m1[0m[1;32m1[0m[1;32m1[0m[1;32m1[0m[1;32m1[0m[37mS[0m[1;32m1[0m[33m0[0m[1;32m1[0m[33m0[0m[1;32m1[0m[33m0[0m[33m0[0m[1;32m1[0m[1;32m1[0m[1;32m1[0m[1;32m1[0m[1;32m1[0m[31mX[0m[35mE[0m[35mE[0m[35mE[0m[35mE[0m[35mE[0m
[1;32m1[0m[1;32m1[0m[33m0[0m[33m0[0m[33m0[0m[33m0[0m[33m0[0m[33m0[0m[1;32m1[0m[1;32m1[0m[33m0[0m[1;32m1[0m[33m0[0m[1;32m1[0m[33m0[0m[1;32m1[0m[1;32m1[0m[1;32m1[0m[33m0[0m[33m0[0m[33m0[0m[33m0[0m[33m0[0m[33m0[0m[1;32m1[0m[1;32m1[0m[1;32m1[0m[1;32m1[0m[1;32m1[0m[31mX[0m[35mE[0m[35mE[0m[35mE[0m[35mE[0m[35mE[0m
[1;32m1[0m[33m0[0m[33m0[0m[33m0[0m[33m0[0m[33m0[0m[33m0[0m[33m0[0m[33m0[0m[33m0[0m[33m0[0m[33m0[0m[33m0[0m[33m0[0m[33m0[0m[33m0[0m[33m0[0m[33m0[0m[33m0[0m[33m0[0m[33m0[0m[33m0[0m[33m0[0m[33m0[0m[1;32m1[0m[1;32m1[0m[1;32m1[0m[1;32m1[0m[1;32m1[0m[31mX[0m[35mE[0m[35mE[0m[35mE[0m[35mE[0m[35mE[0m
[1;32m1[0m[33m0[0m[33m0[0m[33m0[0m[33m0[0m[33m0[0m[33m0[0m[33m0[0m[33m0[0m[33m0[0m[33m0[0m[33m0[0m[33m0[0m[33m0[0m[33m0[0m[1;32m1[0m[1;32m1[0m[1;32m1[0m[33m0[0m[1;32m1[0m[33m0[0m[1;32m1[0m[33m0[0m[33m0[0m[1;32m1[0m[1;32m1[0m[1;32m1[0m[1;32m1[0m[1;32m1[0m[31mX[0m[35mE[0m[35mE[0m[35mE[0m[35mE[0m[35mE[0m
[1;32m1[0m[1;32m1[0m[33m0[0m[33m0[0m[33m0[0m[33m0[0m[33m0[0m[1;32m1[0m[1;32m1[0m[1;32m1[0m[33m0[0m[1;32m1[0m[33m0[0m[1;32m1[0m[33m0[0m[1;32m1[0m[37mS[0m[1;32m1[0m[1;32m1[0m[1;32m1[0m[33m0[0m[1;32m1[0m[1;32m1[0m[1;32m1[0m[1;32m1[0m[1;32m1[0m[1;32m1[0m[1;32m1[0m[1;32m1[0m[1;32m1[0m[1;32m1[0m[31mX[0m[35mE[0m[35mE[0m[35mE[0m
[1;32m1[0m[1;32m1[0m[1;32m1[0m[1;32m1[0m[33m0[0m[1;32m1[0m[1;32m1[0m[1;32m1[0m[37mS[0m[1;32m1[0m[1;32m1[0m[1;32m1[0m[33m0[0m[1;32m1[0m[33m0[0m[1;32m1[0m[37mS[0m[1;32m1[0m[33m0[0m[1;32m1[0m[1;32m1[0m[1;32m1[0m[1;32m1[0m[33m0[0m[1;32m1[0m[1;32m1[0m[1;32m1[0m[1;32m1[0m[1;32m1[0m[31mX[0m[35mE[0m[35mE[0m[35mE[0m[35mE[0m[35mE[0m
[1;32m1[0m[1;32m1[0m[1;32m1[0m[1;32m1[0m[1;32m1[0m[1;32m1[0m[1;32m1[0m[1;32m1[0m[37mS[0m[1;32m1[0m[1;32m1[0m[1;32m1[0m[1;32m1[0m[1;32m1[0m[1;32m1[0m[1;32m1[0m[37mS[0m[1;32m1[0m[1;32m1[0m[1;32m1[0m[1;32m1[0m[1;32m1[0m[1;32m1[0m[1;32m1[0m[1;32m1[0m[1;32m1[0m[1;32m1[0m[1;32m1[0m[1;32m1[0m[31mX[0m[35mE[0m[35mE[0m[35mE[0m[35mE[0m[35mE[0m
MAP COPY PRINTED

[1;32m!MAPA OK![0m



==== Falha no arquivo: maps/invalid/wrong4.cub ====
Esperado: 1, Obtido: 0
COlor: 0
COlor: 120
COlor: 0

COlor: 0
COlor: 0
COlor: 120

TEXTURES ./images/north.xpm
.TEXTURES ./images/south.xpm
.TEXTURES ./images/east.xpm
.TEXTURES ./images/ciao.xpm
.
[ORIGINAL MAP]
[37mS[0m[37mS[0m[37mS[0m[37mS[0m[37mS[0m[37mS[0m[37mS[0m[37mS[0m[1;32m1[0m[1;32m1[0m[1;32m1[0m[1;32m1[0m[1;32m1[0m[1;32m1[0m[1;32m1[0m[1;32m1[0m[1;32m1[0m[1;32m1[0m[1;32m1[0m[1;32m1[0m[1;32m1[0m[1;32m1[0m[1;32m1[0m[1;32m1[0m[1;32m1[0m[1;32m1[0m[1;32m1[0m[1;32m1[0m[1;32m1[0m[1;32m1[0m[1;32m1[0m[1;32m1[0m[1;32m1[0m[31mX[0m[35mE[0m
[37mS[0m[37mS[0m[37mS[0m[37mS[0m[37mS[0m[37mS[0m[37mS[0m[1;32m1[0m[1;32m1[0m[33m0[0m[33m0[0m[33m0[0m[33m0[0m[33m0[0m[1;32m1[0m[33m0[0m[33m0[0m[33m0[0m[1;32m1[0m[1;32m1[0m[33m0[0m[33m0[0m[33m0[0m[33m0[0m[33m0[0m[33m0[0m[33m0[0m[33m0[0m[33m0[0m[33m0[0m[33m0[0m[33m0[0m[1;32m1[0m[31mX[0m[35mE[0m
[37mS[0m[37mS[0m[37mS[0m[37mS[0m[37mS[0m[37mS[0m[37mS[0m[37mS[0m[1;32m1[0m[33m0[0m[1;32m1[0m[1;32m1[0m[33m0[0m[33m0[0m[33m0[0m[33m0[0m[33m0[0m[1;32m1[0m[1;32m1[0m[1;32m1[0m[33m0[0m[33m0[0m[33m0[0m[33m0[0m[33m0[0m[33m0[0m[33m0[0m[33m0[0m[33m0[0m[33m0[0m[33m0[0m[33m0[0m[1;32m1[0m[31mX[0m[35mE[0m
[37mS[0m[37mS[0m[37mS[0m[37mS[0m[37mS[0m[37mS[0m[37mS[0m[37mS[0m[1;32m1[0m[33m0[0m[33m0[0m[1;32m1[0m[33m0[0m[33m0[0m[33m0[0m[33m0[0m[33m0[0m[33m0[0m[1;32m1[0m[33m0[0m[33m0[0m[33m0[0m[33m0[0m[33m0[0m[33m0[0m[33m0[0m[33m0[0m[33m0[0m[33m0[0m[1;32m1[0m[1;32m1[0m[1;32m1[0m[1;32m1[0m[31mX[0m[35mE[0m
[1;32m1[0m[1;32m1[0m[1;32m1[0m[1;32m1[0m[1;32m1[0m[1;32m1[0m[37mS[0m[37mS[0m[1;32m1[0m[33m0[0m[1;32m1[0m[1;32m1[0m[33m0[0m[33m0[0m[33m0[0m[1;32m1[0m[1;32m1[0m[1;32m1[0m[1;32m1[0m[1;32m1[0m[1;32m1[0m[1;32m1[0m[1;32m1[0m[1;32m1[0m[1;32m1[0m[1;32m1[0m[1;32m1[0m[1;32m1[0m[1;32m1[0m[1;32m1[0m[1;32m1[0m[37mS[0m[31mX[0m[35mE[0m[35mE[0m
[1;32m1[0m[1;32m1[0m[1;32m1[0m[1;32m1[0m[33m0[0m[1;32m1[0m[1;32m1[0m[37mS[0m[1;32m1[0m[1;32m1[0m[1;32m1[0m[1;32m1[0m[1;32m1[0m[1;32m1[0m[33m0[0m[1;32m1[0m[37mS[0m[1;32m1[0m[33m0[0m[33m0[0m[33m0[0m[33m0[0m[33m0[0m[33m0[0m[1;32m1[0m[33m0[0m[33m0[0m[33m0[0m[1;32m1[0m[37mS[0m[37mS[0m[37mS[0m[37mS[0m[31mX[0m[35mE[0m
[1;32m1[0m[1;32m1[0m[1;32m1[0m[1;32m1[0m[33m0[0m[1;32m1[0m[1;32m1[0m[1;32m1[0m[1;32m1[0m[1;32m1[0m[1;32m1[0m[1;32m1[0m[1;32m1[0m[1;32m1[0m[1;32m1[0m[1;32m1[0m[37mS[0m[1;32m1[0m[33m0[0m[1;32m1[0m[33m0[0m[1;32m1[0m[33m0[0m[33m0[0m[1;32m1[0m[33m0[0m[33m0[0m[33m0[0m[1;32m1[0m[31mX[0m[35mE[0m[35mE[0m[35mE[0m[35mE[0m[35mE[0m
[1;32m1[0m[1;32m1[0m[33m0[0m[33m0[0m[33m0[0m[33m0[0m[33m0[0m[33m0[0m[1;32m1[0m[1;32m1[0m[33m0[0m[1;32m1[0m[33m0[0m[1;32m1[0m[33m0[0m[1;32m1[0m[1;32m1[0m[1;32m1[0m[33m0[0m[33m0[0m[33m0[0m[33m0[0m[33m0[0m[33m0[0m[1;32m1[0m[33m0[0m[33m0[0m[33m0[0m[1;32m1[0m[31mX[0m[35mE[0m[35mE[0m[35mE[0m[35mE[0m[35mE[0m
[1;32m1[0m[33m0[0m[33m0[0m[33m0[0m[33m0[0m[33m0[0m[33m0[0m[33m0[0m[33m0[0m[33m0[0m[33m0[0m[33m0[0m[33m0[0m[33m0[0m[33m0[0m[33m0[0m[33m0[0m[33m0[0m[33m0[0m[33m0[0m[33m0[0m[33m0[0m[33m0[0m[33m0[0m[1;32m1[0m[33m0[0m[33m0[0m[33m0[0m[1;32m1[0m[31mX[0m[35mE[0m[35mE[0m[35mE[0m[35mE[0m[35mE[0m
[1;32m1[0m[33m0[0m[33m0[0m[33m0[0m[33m0[0m[33m0[0m[33m0[0m[33m0[0m[33m0[0m[33m0[0m[33m0[0m[33m0[0m[33m0[0m[33m0[0m[33m0[0m[1;32m1[0m[1;32m1[0m[1;32m1[0m[33m0[0m[1;32m1[0m[33m0[0m[1;32m1[0m[33m0[0m[33m0[0m[1;32m1[0m[33m0[0m[33m0[0m[33m0[0m[1;32m1[0m[31mX[0m[35mE[0m[35mE[0m[35mE[0m[35mE[0m[35mE[0m
[1;32m1[0m[1;32m1[0m[33m0[0m[33m0[0m[33m0[0m[33m0[0m[33m0[0m[1;32m1[0m[1;32m1[0m[1;32m1[0m[33m0[0m[1;32m1[0m[33m0[0m[1;32m1[0m[33m0[0m[1;32m1[0m[37mS[0m[1;32m1[0m[1;32m1[0m[1;32m1[0m[33m0[0m[1;32m1[0m[1;32m1[0m[1;32m1[0m[1;32m1[0m[33m0[0m[1;31mN[0m[33m0[0m[1;32m1[0m[1;32m1[0m[1;32m1[0m[31mX[0m[35mE[0m[35mE[0m[35mE[0m
[1;32m1[0m[1;32m1[0m[1;32m1[0m[1;32m1[0m[33m0[0m[1;32m1[0m[1;32m1[0m[1;32m1[0m[37mS[0m[1;32m1[0m[1;32m1[0m[1;32m1[0m[33m0[0m[1;32m1[0m[33m0[0m[1;32m1[0m[37mS[0m[1;32m1[0m[33m0[0m[1;32m1[0m[1;32m1[0m[1;32m1[0m[1;32m1[0m[33m0[0m[1;32m1[0m[33m0[0m[33m0[0m[33m0[0m[1;32m1[0m[31mX[0m[35mE[0m[35mE[0m[35mE[0m[35mE[0m[35mE[0m
[1;32m1[0m[1;32m1[0m[1;32m1[0m[1;32m1[0m[1;32m1[0m[1;32m1[0m[1;32m1[0m[1;32m1[0m[37mS[0m[1;32m1[0m[1;32m1[0m[1;32m1[0m[1;32m1[0m[1;32m1[0m[1;32m1[0m[1;32m1[0m[37mS[0m[1;32m1[0m[1;32m1[0m[1;32m1[0m[1;32m1[0m[1;32m1[0m[1;32m1[0m[1;32m1[0m[1;32m1[0m[1;32m1[0m[1;32m1[0m[1;32m1[0m[1;32m1[0m[31mX[0m[35mE[0m[35mE[0m[35mE[0m[35mE[0m[35mE[0m
ORIGINAL MAP PRINTED

[MAP COPY:]
[37mS[0m[37mS[0m[37mS[0m[37mS[0m[37mS[0m[37mS[0m[37mS[0m[37mS[0m[1;32m1[0m[1;32m1[0m[1;32m1[0m[1;32m1[0m[1;32m1[0m[1;32m1[0m[1;32m1[0m[1;32m1[0m[1;32m1[0m[1;32m1[0m[1;32m1[0m[1;32m1[0m[1;32m1[0m[1;32m1[0m[1;32m1[0m[1;32m1[0m[1;32m1[0m[1;32m1[0m[1;32m1[0m[1;32m1[0m[1;32m1[0m[1;32m1[0m[1;32m1[0m[1;32m1[0m[1;32m1[0m[31mX[0m[35mE[0m
[37mS[0m[37mS[0m[37mS[0m[37mS[0m[37mS[0m[37mS[0m[37mS[0m[1;32m1[0m[1;32m1[0m[33m0[0m[33m0[0m[33m0[0m[33m0[0m[33m0[0m[1;32m1[0m[33m0[0m[33m0[0m[33m0[0m[1;32m1[0m[1;32m1[0m[33m0[0m[33m0[0m[33m0[0m[33m0[0m[33m0[0m[33m0[0m[33m0[0m[33m0[0m[33m0[0m[33m0[0m[33m0[0m[33m0[0m[1;32m1[0m[31mX[0m[35mE[0m
[37mS[0m[37mS[0m[37mS[0m[37mS[0m[37mS[0m[37mS[0m[37mS[0m[37mS[0m[1;32m1[0m[33m0[0m[1;32m1[0m[1;32m1[0m[33m0[0m[33m0[0m[33m0[0m[33m0[0m[33m0[0m[1;32m1[0m[1;32m1[0m[1;32m1[0m[33m0[0m[33m0[0m[33m0[0m[33m0[0m[33m0[0m[33m0[0m[33m0[0m[33m0[0m[33m0[0m[33m0[0m[33m0[0m[33m0[0m[1;32m1[0m[31mX[0m[35mE[0m
[37mS[0m[37mS[0m[37mS[0m[37mS[0m[37mS[0m[37mS[0m[37mS[0m[37mS[0m[1;32m1[0m[33m0[0m[33m0[0m[1;32m1[0m[33m0[0m[33m0[0m[33m0[0m[33m0[0m[33m0[0m[33m0[0m[1;32m1[0m[33m0[0m[33m0[0m[33m0[0m[33m0[0m[33m0[0m[33m0[0m[33m0[0m[33m0[0m[33m0[0m[33m0[0m[1;32m1[0m[1;32m1[0m[1;32m1[0m[1;32m1[0m[31mX[0m[35mE[0m
[1;32m1[0m[1;32m1[0m[1;32m1[0m[1;32m1[0m[1;32m1[0m[1;32m1[0m[37mS[0m[37mS[0m[1;32m1[0m[33m0[0m[1;32m1[0m[1;32m1[0m[33m0[0m[33m0[0m[33m0[0m[1;32m1[0m[1;32m1[0m[1;32m1[0m[1;32m1[0m[1;32m1[0m[1;32m1[0m[1;32m1[0m[1;32m1[0m[1;32m1[0m[1;32m1[0m[1;32m1[0m[1;32m1[0m[1;32m1[0m[1;32m1[0m[1;32m1[0m[1;32m1[0m[37mS[0m[31mX[0m[35mE[0m[35mE[0m
[1;32m1[0m[1;32m1[0m[1;32m1[0m[1;32m1[0m[33m0[0m[1;32m1[0m[1;32m1[0m[37mS[0m[1;32m1[0m[1;32m1[0m[1;32m1[0m[1;32m1[0m[1;32m1[0m[1;32m1[0m[33m0[0m[1;32m1[0m[37mS[0m[1;32m1[0m[33m0[0m[33m0[0m[33m0[0m[33m0[0m[33m0[0m[33m0[0m[1;32m1[0m[33m0[0m[33m0[0m[33m0[0m[1;32m1[0m[37mS[0m[37mS[0m[37mS[0m[37mS[0m[31mX[0m[35mE[0m
[1;32m1[0m[1;32m1[0m[1;32m1[0m[1;32m1[0m[33m0[0m[1;32m1[0m[1;32m1[0m[1;32m1[0m[1;32m1[0m[1;32m1[0m[1;32m1[0m[1;32m1[0m[1;32m1[0m[1;32m1[0m[1;32m1[0m[1;32m1[0m[37mS[0m[1;32m1[0m[33m0[0m[1;32m1[0m[33m0[0m[1;32m1[0m[33m0[0m[33m0[0m[1;32m1[0m[33m0[0m[33m0[0m[33m0[0m[1;32m1[0m[31mX[0m[35mE[0m[35mE[0m[35mE[0m[35mE[0m[35mE[0m
[1;32m1[0m[1;32m1[0m[33m0[0m[33m0[0m[33m0[0m[33m0[0m[33m0[0m[33m0[0m[1;32m1[0m[1;32m1[0m[33m0[0m[1;32m1[0m[33m0[0m[1;32m1[0m[33m0[0m[1;32m1[0m[1;32m1[0m[1;32m1[0m[33m0[0m[33m0[0m[33m0[0m[33m0[0m[33m0[0m[33m0[0m[1;32m1[0m[33m0[0m[33m0[0m[33m0[0m[1;32m1[0m[31mX[0m[35mE[0m[35mE[0m[35mE[0m[35mE[0m[35mE[0m
[1;32m1[0m[33m0[0m[33m0[0m[33m0[0m[33m0[0m[33m0[0m[33m0[0m[33m0[0m[33m0[0m[33m0[0m[33m0[0m[33m0[0m[33m0[0m[33m0[0m[33m0[0m[33m0[0m[33m0[0m[33m0[0m[33m0[0m[33m0[0m[33m0[0m[33m0[0m[33m0[0m[33m0[0m[1;32m1[0m[33m0[0m[33m0[0m[33m0[0m[1;32m1[0m[31mX[0m[35mE[0m[35mE[0m[35mE[0m[35mE[0m[35mE[0m
[1;32m1[0m[33m0[0m[33m0[0m[33m0[0m[33m0[0m[33m0[0m[33m0[0m[33m0[0m[33m0[0m[33m0[0m[33m0[0m[33m0[0m[33m0[0m[33m0[0m[33m0[0m[1;32m1[0m[1;32m1[0m[1;32m1[0m[33m0[0m[1;32m1[0m[33m0[0m[1;32m1[0m[33m0[0m[33m0[0m[1;32m1[0m[33m0[0m[33m0[0m[33m0[0m[1;32m1[0m[31mX[0m[35mE[0m[35mE[0m[35mE[0m[35mE[0m[35mE[0m
[1;32m1[0m[1;32m1[0m[33m0[0m[33m0[0m[33m0[0m[33m0[0m[33m0[0m[1;32m1[0m[1;32m1[0m[1;32m1[0m[33m0[0m[1;32m1[0m[33m0[0m[1;32m1[0m[33m0[0m[1;32m1[0m[37mS[0m[1;32m1[0m[1;32m1[0m[1;32m1[0m[33m0[0m[1;32m1[0m[1;32m1[0m[1;32m1[0m[1;32m1[0m[33m0[0m[1;31mN[0m[33m0[0m[1;32m1[0m[1;32m1[0m[1;32m1[0m[31mX[0m[35mE[0m[35mE[0m[35mE[0m
[1;32m1[0m[1;32m1[0m[1;32m1[0m[1;32m1[0m[33m0[0m[1;32m1[0m[1;32m1[0m[1;32m1[0m[37mS[0m[1;32m1[0m[1;32m1[0m[1;32m1[0m[33m0[0m[1;32m1[0m[33m0[0m[1;32m1[0m[37mS[0m[1;32m1[0m[33m0[0m[1;32m1[0m[1;32m1[0m[1;32m1[0m[1;32m1[0m[33m0[0m[1;32m1[0m[33m0[0m[33m0[0m[33m0[0m[1;32m1[0m[31mX[0m[35mE[0m[35mE[0m[35mE[0m[35mE[0m[35mE[0m
[1;32m1[0m[1;32m1[0m[1;32m1[0m[1;32m1[0m[1;32m1[0m[1;32m1[0m[1;32m1[0m[1;32m1[0m[37mS[0m[1;32m1[0m[1;32m1[0m[1;32m1[0m[1;32m1[0m[1;32m1[0m[1;32m1[0m[1;32m1[0m[37mS[0m[1;32m1[0m[1;32m1[0m[1;32m1[0m[1;32m1[0m[1;32m1[0m[1;32m1[0m[1;32m1[0m[1;32m1[0m[1;32m1[0m[1;32m1[0m[1;32m1[0m[1;32m1[0m[31mX[0m[35mE[0m[35mE[0m[35mE[0m[35mE[0m[35mE[0m
MAP COPY PRINTED
Nx = -1159678305
Ny = -1159678241

[1;32mFLOODFILL RESULT: [0m

[MAP COPY:]
[37mS[0m[37mS[0m[37mS[0m[37mS[0m[37mS[0m[37mS[0m[37mS[0m[37mS[0m[1;32m1[0m[1;32m1[0m[1;32m1[0m[1;32m1[0m[1;32m1[0m[1;32m1[0m[1;32m1[0m[1;32m1[0m[1;32m1[0m[1;32m1[0m[1;32m1[0m[1;32m1[0m[1;32m1[0m[1;32m1[0m[1;32m1[0m[1;32m1[0m[1;32m1[0m[1;32m1[0m[1;32m1[0m[1;32m1[0m[1;32m1[0m[1;32m1[0m[1;32m1[0m[1;32m1[0m[1;32m1[0m[31mX[0m[35mE[0m
[37mS[0m[37mS[0m[37mS[0m[37mS[0m[37mS[0m[37mS[0m[37mS[0m[1;32m1[0m[1;32m1[0m[33m0[0m[33m0[0m[33m0[0m[33m0[0m[33m0[0m[1;32m1[0m[33m0[0m[33m0[0m[33m0[0m[1;32m1[0m[1;32m1[0m[33m0[0m[33m0[0m[33m0[0m[33m0[0m[33m0[0m[33m0[0m[33m0[0m[33m0[0m[33m0[0m[33m0[0m[33m0[0m[33m0[0m[1;32m1[0m[31mX[0m[35mE[0m
[37mS[0m[37mS[0m[37mS[0m[37mS[0m[37mS[0m[37mS[0m[37mS[0m[37mS[0m[1;32m1[0m[33m0[0m[1;32m1[0m[1;32m1[0m[33m0[0m[33m0[0m[33m0[0m[33m0[0m[33m0[0m[1;32m1[0m[1;32m1[0m[1;32m1[0m[33m0[0m[33m0[0m[33m0[0m[33m0[0m[33m0[0m[33m0[0m[33m0[0m[33m0[0m[33m0[0m[33m0[0m[33m0[0m[33m0[0m[1;32m1[0m[31mX[0m[35mE[0m
[37mS[0m[37mS[0m[37mS[0m[37mS[0m[37mS[0m[37mS[0m[37mS[0m[37mS[0m[1;32m1[0m[33m0[0m[33m0[0m[1;32m1[0m[33m0[0m[33m0[0m[33m0[0m[33m0[0m[33m0[0m[33m0[0m[1;32m1[0m[33m0[0m[33m0[0m[33m0[0m[33m0[0m[33m0[0m[33m0[0m[33m0[0m[33m0[0m[33m0[0m[33m0[0m[1;32m1[0m[1;32m1[0m[1;32m1[0m[1;32m1[0m[31mX[0m[35mE[0m
[1;32m1[0m[1;32m1[0m[1;32m1[0m[1;32m1[0m[1;32m1[0m[1;32m1[0m[37mS[0m[37mS[0m[1;32m1[0m[33m0[0m[1;32m1[0m[1;32m1[0m[33m0[0m[33m0[0m[33m0[0m[1;32m1[0m[1;32m1[0m[1;32m1[0m[1;32m1[0m[1;32m1[0m[1;32m1[0m[1;32m1[0m[1;32m1[0m[1;32m1[0m[1;32m1[0m[1;32m1[0m[1;32m1[0m[1;32m1[0m[1;32m1[0m[1;32m1[0m[1;32m1[0m[37mS[0m[31mX[0m[35mE[0m[35mE[0m
[1;32m1[0m[1;32m1[0m[1;32m1[0m[1;32m1[0m[33m0[0m[1;32m1[0m[1;32m1[0m[37mS[0m[1;32m1[0m[1;32m1[0m[1;32m1[0m[1;32m1[0m[1;32m1[0m[1;32m1[0m[33m0[0m[1;32m1[0m[37mS[0m[1;32m1[0m[33m0[0m[33m0[0m[33m0[0m[33m0[0m[33m0[0m[33m0[0m[1;32m1[0m[1;32m1[0m[1;32m1[0m[1;32m1[0m[1;32m1[0m[37mS[0m[37mS[0m[37mS[0m[37mS[0m[31mX[0m[35mE[0m
[1;32m1[0m[1;32m1[0m[1;32m1[0m[1;32m1[0m[33m0[0m[1;32m1[0m[1;32m1[0m[1;32m1[0m[1;32m1[0m[1;32m1[0m[1;32m1[0m[1;32m1[0m[1;32m1[0m[1;32m1[0m[1;32m1[0m[1;32m1[0m[37mS[0m[1;32m1[0m[33m0[0m[1;32m1[0m[33m0[0m[1;32m1[0m[33m0[0m[33m0[0m[1;32m1[0m[1;32m1[0m[1;32m1[0m[1;32m1[0m[1;32m1[0m[31mX[0m[35mE[0m[35mE[0m[35mE[0m[35mE[0m[35mE[0m
[1;32m1[0m[1;32m1[0m[33m0[0m[33m0[0m[33m0[0m[33m0[0m[33m0[0m[33m0[0m[1;32m1[0m[1;32m1[0m[33m0[0m[1;32m1[0m[33m0[0m[1;32m1[0m[33m0[0m[1;32m1[0m[1;32m1[0m[1;32m1[0m[33m0[0m[33m0[0m[33m0[0m[33m0[0m[33m0[0m[33m0[0m[1;32m1[0m[1;32m1[0m[1;32m1[0m[1;32m1[0m[1;32m1[0m[31mX[0m[35mE[0m[35mE[0m[35mE[0m[35mE[0m[35mE[0m
[1;32m1[0m[33m0[0m[33m0[0m[33m0[0m[33m0[0m[33m0[0m[33m0[0m[33m0[0m[33m0[0m[33m0[0m[33m0[0m[33m0[0m[33m0[0m[33m0[0m[33m0[0m[33m0[0m[33m0[0m[33m0[0m[33m0[0m[33m0[0m[33m0[0m[33m0[0m[33m0[0m[33m0[0m[1;32m1[0m[1;32m1[0m[1;32m1[0m[1;32m1[0m[1;32m1[0m[31mX[0m[35mE[0m[35mE[0m[35mE[0m[35mE[0m[35mE[0m
[1;32m1[0m[33m0[0m[33m0[0m[33m0[0m[33m0[0m[33m0[0m[33m0[0m[33m0[0m[33m0[0m[33m0[0m[33m0[0m[33m0[0m[33m0[0m[33m0[0m[33m0[0m[1;32m1[0m[1;32m1[0m[1;32m1[0m[33m0[0m[1;32m1[0m[33m0[0m[1;32m1[0m[33m0[0m[33m0[0m[1;32m1[0m[1;32m1[0m[1;32m1[0m[1;32m1[0m[1;32m1[0m[31mX[0m[35mE[0m[35mE[0m[35mE[0m[35mE[0m[35mE[0m
[1;32m1[0m[1;32m1[0m[33m0[0m[33m0[0m[33m0[0m[33m0[0m[33m0[0m[1;32m1[0m[1;32m1[0m[1;32m1[0m[33m0[0m[1;32m1[0m[33m0[0m[1;32m1[0m[33m0[0m[1;32m1[0m[37mS[0m[1;32m1[0m[1;32m1[0m[1;32m1[0m[33m0[0m[1;32m1[0m[1;32m1[0m[1;32m1[0m[1;32m1[0m[1;32m1[0m[1;32m1[0m[1;32m1[0m[1;32m1[0m[1;32m1[0m[1;32m1[0m[31mX[0m[35mE[0m[35mE[0m[35mE[0m
[1;32m1[0m[1;32m1[0m[1;32m1[0m[1;32m1[0m[33m0[0m[1;32m1[0m[1;32m1[0m[1;32m1[0m[37mS[0m[1;32m1[0m[1;32m1[0m[1;32m1[0m[33m0[0m[1;32m1[0m[33m0[0m[1;32m1[0m[37mS[0m[1;32m1[0m[33m0[0m[1;32m1[0m[1;32m1[0m[1;32m1[0m[1;32m1[0m[33m0[0m[1;32m1[0m[1;32m1[0m[1;32m1[0m[1;32m1[0m[1;32m1[0m[31mX[0m[35mE[0m[35mE[0m[35mE[0m[35mE[0m[35mE[0m
[1;32m1[0m[1;32m1[0m[1;32m1[0m[1;32m1[0m[1;32m1[0m[1;32m1[0m[1;32m1[0m[1;32m1[0m[37mS[0m[1;32m1[0m[1;32m1[0m[1;32m1[0m[1;32m1[0m[1;32m1[0m[1;32m1[0m[1;32m1[0m[37mS[0m[1;32m1[0m[1;32m1[0m[1;32m1[0m[1;32m1[0m[1;32m1[0m[1;32m1[0m[1;32m1[0m[1;32m1[0m[1;32m1[0m[1;32m1[0m[1;32m1[0m[1;32m1[0m[31mX[0m[35mE[0m[35mE[0m[35mE[0m[35mE[0m[35mE[0m
MAP COPY PRINTED

[1;32m!MAPA OK![0m



==== Falha no arquivo: maps/invalid/wrong7.cub ====
Esperado: 1, Obtido: 0
COlor: 0
COlor: 0
COlor: 120

COlor: 0
COlor: 120
COlor: 0

TEXTURES ./images/north.xpm
.TEXTURES ./images/ciao.xpm
.TEXTURES ./images/east.xpm
.TEXTURES ./images/west.xpm
.
[ORIGINAL MAP]
[37mS[0m[37mS[0m[37mS[0m[37mS[0m[37mS[0m[37mS[0m[37mS[0m[37mS[0m[1;32m1[0m[1;32m1[0m[1;32m1[0m[1;32m1[0m[1;32m1[0m[1;32m1[0m[1;32m1[0m[1;32m1[0m[1;32m1[0m[1;32m1[0m[1;32m1[0m[1;32m1[0m[1;32m1[0m[1;32m1[0m[1;32m1[0m[1;32m1[0m[1;32m1[0m[1;32m1[0m[1;32m1[0m[1;32m1[0m[1;32m1[0m[1;32m1[0m[1;32m1[0m[1;32m1[0m[1;32m1[0m[31mX[0m[35mE[0m
[37mS[0m[37mS[0m[37mS[0m[37mS[0m[37mS[0m[37mS[0m[37mS[0m[1;32m1[0m[1;32m1[0m[33m0[0m[33m0[0m[33m0[0m[33m0[0m[33m0[0m[1;32m1[0m[33m0[0m[33m0[0m[33m0[0m[1;32m1[0m[1;32m1[0m[33m0[0m[33m0[0m[33m0[0m[33m0[0m[33m0[0m[33m0[0m[33m0[0m[33m0[0m[33m0[0m[33m0[0m[33m0[0m[33m0[0m[1;32m1[0m[31mX[0m[35mE[0m
[37mS[0m[37mS[0m[37mS[0m[37mS[0m[37mS[0m[37mS[0m[37mS[0m[37mS[0m[1;32m1[0m[33m0[0m[1;32m1[0m[1;32m1[0m[33m0[0m[33m0[0m[33m0[0m[33m0[0m[33m0[0m[1;32m1[0m[1;32m1[0m[1;32m1[0m[33m0[0m[33m0[0m[33m0[0m[33m0[0m[33m0[0m[33m0[0m[33m0[0m[33m0[0m[33m0[0m[33m0[0m[33m0[0m[33m0[0m[1;32m1[0m[31mX[0m[35mE[0m
[37mS[0m[37mS[0m[37mS[0m[37mS[0m[37mS[0m[37mS[0m[37mS[0m[37mS[0m[1;32m1[0m[33m0[0m[33m0[0m[1;32m1[0m[33m0[0m[33m0[0m[33m0[0m[33m0[0m[33m0[0m[33m0[0m[1;32m1[0m[33m0[0m[33m0[0m[33m0[0m[33m0[0m[33m0[0m[33m0[0m[33m0[0m[33m0[0m[33m0[0m[33m0[0m[1;32m1[0m[1;32m1[0m[1;32m1[0m[1;32m1[0m[31mX[0m[35mE[0m
[1;32m1[0m[1;32m1[0m[1;32m1[0m[1;32m1[0m[1;32m1[0m[1;32m1[0m[37mS[0m[37mS[0m[1;32m1[0m[33m0[0m[1;32m1[0m[1;32m1[0m[33m0[0m[33m0[0m[33m0[0m[1;32m1[0m[1;32m1[0m[1;32m1[0m[1;32m1[0m[1;32m1[0m[1;32m1[0m[1;32m1[0m[1;32m1[0m[1;32m1[0m[1;32m1[0m[1;32m1[0m[1;32m1[0m[1;32m1[0m[1;32m1[0m[1;32m1[0m[1;32m1[0m[31mX[0m[35mE[0m[35mE[0m[35mE[0m
[1;32m1[0m[1;32m1[0m[1;32m1[0m[1;32m1[0m[33m0[0m[1;32m1[0m[1;32m1[0m[37mS[0m[1;32m1[0m[1;32m1[0m[1;32m1[0m[1;32m1[0m[1;32m1[0m[1;32m1[0m[33m0[0m[1;32m1[0m[37mS[0m[1;32m1[0m[33m0[0m[33m0[0m[33m0[0m[33m0[0m[33m0[0m[33m0[0m[1;32m1[0m[33m0[0m[33m0[0m[33m0[0m[1;32m1[0m[31mX[0m[35mE[0m[35mE[0m[35mE[0m[35mE[0m[35mE[0m
[1;32m1[0m[1;32m1[0m[1;32m1[0m[1;32m1[0m[33m0[0m[1;32m1[0m[1;32m1[0m[1;32m1[0m[1;32m1[0m[1;32m1[0m[1;32m1[0m[1;32m1[0m[1;32m1[0m[1;32m1[0m[1;32m1[0m[1;32m1[0m[37mS[0m[1;32m1[0m[33m0[0m[1;32m1[0m[33m0[0m[1;32m1[0m[33m0[0m[33m0[0m[1;32m1[0m[33m0[0m[33m0[0m[33m0[0m[1;32m1[0m[31mX[0m[35mE[0m[35mE[0m[35mE[0m[35mE[0m[35mE[0m
[1;32m1[0m[1;32m1[0m[33m0[0m[33m0[0m[33m0[0m[33m0[0m[33m0[0m[33m0[0m[1;32m1[0m[1;32m1[0m[33m0[0m[1;32m1[0m[33m0[0m[1;32m1[0m[33m0[0m[1;32m1[0m[1;32m1[0m[1;32m1[0m[33m0[0m[33m0[0m[33m0[0m[33m0[0m[33m0[0m[33m0[0m[1;32m1[0m[33m0[0m[33m0[0m[33m0[0m[1;32m1[0m[31mX[0m[35mE[0m[35mE[0m[35mE[0m[35mE[0m[35mE[0m
[1;32m1[0m[33m0[0m[33m0[0m[33m0[0m[33m0[0m[33m0[0m[33m0[0m[33m0[0m[33m0[0m[33m0[0m[33m0[0m[33m0[0m[33m0[0m[33m0[0m[33m0[0m[33m0[0m[33m0[0m[33m0[0m[33m0[0m[33m0[0m[33m0[0m[33m0[0m[33m0[0m[33m0[0m[1;32m1[0m[33m0[0m[33m0[0m[33m0[0m[1;32m1[0m[31mX[0m[35mE[0m[35mE[0m[35mE[0m[35mE[0m[35mE[0m
[1;32m1[0m[33m0[0m[33m0[0m[33m0[0m[33m0[0m[33m0[0m[33m0[0m[33m0[0m[33m0[0m[33m0[0m[33m0[0m[33m0[0m[33m0[0m[33m0[0m[33m0[0m[1;32m1[0m[1;32m1[0m[1;32m1[0m[33m0[0m[1;32m1[0m[33m0[0m[1;32m1[0m[33m0[0m[33m0[0m[1;32m1[0m[33m0[0m[33m0[0m[33m0[0m[1;32m1[0m[31mX[0m[35mE[0m[35mE[0m[35mE[0m[35mE[0m[35mE[0m
[1;32m1[0m[1;32m1[0m[33m0[0m[33m0[0m[33m0[0m[33m0[0m[33m0[0m[1;32m1[0m[1;32m1[0m[1;32m1[0m[33m0[0m[1;32m1[0m[33m0[0m[1;32m1[0m[33m0[0m[1;32m1[0m[37mS[0m[1;32m1[0m[1;32m1[0m[1;32m1[0m[33m0[0m[1;32m1[0m[1;32m1[0m[1;32m1[0m[1;32m1[0m[33m0[0m[1;31mN[0m[33m0[0m[1;32m1[0m[1;32m1[0m[1;32m1[0m[31mX[0m[35mE[0m[35mE[0m[35mE[0m
[1;32m1[0m[1;32m1[0m[1;32m1[0m[1;32m1[0m[33m0[0m[1;32m1[0m[1;32m1[0m[1;32m1[0m[37mS[0m[1;32m1[0m[1;32m1[0m[1;32m1[0m[33m0[0m[1;32m1[0m[33m0[0m[1;32m1[0m[37mS[0m[1;32m1[0m[33m0[0m[1;32m1[0m[1;32m1[0m[1;32m1[0m[1;32m1[0m[33m0[0m[1;32m1[0m[33m0[0m[33m0[0m[33m0[0m[1;32m1[0m[31mX[0m[35mE[0m[35mE[0m[35mE[0m[35mE[0m[35mE[0m
[1;32m1[0m[1;32m1[0m[1;32m1[0m[1;32m1[0m[1;32m1[0m[1;32m1[0m[1;32m1[0m[1;32m1[0m[37mS[0m[1;32m1[0m[1;32m1[0m[1;32m1[0m[1;32m1[0m[1;32m1[0m[1;32m1[0m[1;32m1[0m[37mS[0m[1;32m1[0m[1;32m1[0m[1;32m1[0m[1;32m1[0m[1;32m1[0m[1;32m1[0m[1;32m1[0m[1;32m1[0m[1;32m1[0m[1;32m1[0m[1;32m1[0m[1;32m1[0m[31mX[0m[35mE[0m[35mE[0m[35mE[0m[35mE[0m[35mE[0m
ORIGINAL MAP PRINTED

[MAP COPY:]
[37mS[0m[37mS[0m[37mS[0m[37mS[0m[37mS[0m[37mS[0m[37mS[0m[37mS[0m[1;32m1[0m[1;32m1[0m[1;32m1[0m[1;32m1[0m[1;32m1[0m[1;32m1[0m[1;32m1[0m[1;32m1[0m[1;32m1[0m[1;32m1[0m[1;32m1[0m[1;32m1[0m[1;32m1[0m[1;32m1[0m[1;32m1[0m[1;32m1[0m[1;32m1[0m[1;32m1[0m[1;32m1[0m[1;32m1[0m[1;32m1[0m[1;32m1[0m[1;32m1[0m[1;32m1[0m[1;32m1[0m[31mX[0m[35mE[0m
[37mS[0m[37mS[0m[37mS[0m[37mS[0m[37mS[0m[37mS[0m[37mS[0m[1;32m1[0m[1;32m1[0m[33m0[0m[33m0[0m[33m0[0m[33m0[0m[33m0[0m[1;32m1[0m[33m0[0m[33m0[0m[33m0[0m[1;32m1[0m[1;32m1[0m[33m0[0m[33m0[0m[33m0[0m[33m0[0m[33m0[0m[33m0[0m[33m0[0m[33m0[0m[33m0[0m[33m0[0m[33m0[0m[33m0[0m[1;32m1[0m[31mX[0m[35mE[0m
[37mS[0m[37mS[0m[37mS[0m[37mS[0m[37mS[0m[37mS[0m[37mS[0m[37mS[0m[1;32m1[0m[33m0[0m[1;32m1[0m[1;32m1[0m[33m0[0m[33m0[0m[33m0[0m[33m0[0m[33m0[0m[1;32m1[0m[1;32m1[0m[1;32m1[0m[33m0[0m[33m0[0m[33m0[0m[33m0[0m[33m0[0m[33m0[0m[33m0[0m[33m0[0m[33m0[0m[33m0[0m[33m0[0m[33m0[0m[1;32m1[0m[31mX[0m[35mE[0m
[37mS[0m[37mS[0m[37mS[0m[37mS[0m[37mS[0m[37mS[0m[37mS[0m[37mS[0m[1;32m1[0m[33m0[0m[33m0[0m[1;32m1[0m[33m0[0m[33m0[0m[33m0[0m[33m0[0m[33m0[0m[33m0[0m[1;32m1[0m[33m0[0m[33m0[0m[33m0[0m[33m0[0m[33m0[0m[33m0[0m[33m0[0m[33m0[0m[33m0[0m[33m0[0m[1;32m1[0m[1;32m1[0m[1;32m1[0m[1;32m1[0m[31mX[0m[35mE[0m
[1;32m1[0m[1;32m1[0m[1;32m1[0m[1;32m1[0m[1;32m1[0m[1;32m1[0m[37mS[0m[37mS[0m[1;32m1[0m[33m0[0m[1;32m1[0m[1;32m1[0m[33m0[0m[33m0[0m[33m0[0m[1;32m1[0m[1;32m1[0m[1;32m1[0m[1;32m1[0m[1;32m1[0m[1;32m1[0m[1;32m1[0m[1;32m1[0m[1;32m1[0m[1;32m1[0m[1;32m1[0m[1;32m1[0m[1;32m1[0m[1;32m1[0m[1;32m1[0m[1;32m1[0m[31mX[0m[35mE[0m[35mE[0m[35mE[0m
[1;32m1[0m[1;32m1[0m[1;32m1[0m[1;32m1[0m[33m0[0m[1;32m1[0m[1;32m1[0m[37mS[0m[1;32m1[0m[1;32m1[0m[1;32m1[0m[1;32m1[0m[1;32m1[0m[1;32m1[0m[33m0[0m[1;32m1[0m[37mS[0m[1;32m1[0m[33m0[0m[33m0[0m[33m0[0m[33m0[0m[33m0[0m[33m0[0m[1;32m1[0m[33m0[0m[33m0[0m[33m0[0m[1;32m1[0m[31mX[0m[35mE[0m[35mE[0m[35mE[0m[35mE[0m[35mE[0m
[1;32m1[0m[1;32m1[0m[1;32m1[0m[1;32m1[0m[33m0[0m[1;32m1[0m[1;32m1[0m[1;32m1[0m[1;32m1[0m[1;32m1[0m[1;32m1[0m[1;32m1[0m[1;32m1[0m[1;32m1[0m[1;32m1[0m[1;32m1[0m[37mS[0m[1;32m1[0m[33m0[0m[1;32m1[0m[33m0[0m[1;32m1[0m[33m0[0m[33m0[0m[1;32m1[0m[33m0[0m[33m0[0m[33m0[0m[1;32m1[0m[31mX[0m[35mE[0m[35mE[0m[35mE[0m[35mE[0m[35mE[0m
[1;32m1[0m[1;32m1[0m[33m0[0m[33m0[0m[33m0[0m[33m0[0m[33m0[0m[33m0[0m[1;32m1[0m[1;32m1[0m[33m0[0m[1;32m1[0m[33m0[0m[1;32m1[0m[33m0[0m[1;32m1[0m[1;32m1[0m[1;32m1[0m[33m0[0m[33m0[0m[33m0[0m[33m0[0m[33m0[0m[33m0[0m[1;32m1[0m[33m0[0m[33m0[0m[33m0[0m[1;32m1[0m[31mX[0m[35mE[0m[35mE[0m[35mE[0m[35mE[0m[35mE[0m
[1;32m1[0m[33m0[0m[33m0[0m[33m0[0m[33m0[0m[33m0[0m[33m0[0m[33m0[0m[33m0[0m[33m0[0m[33m0[0m[33m0[0m[33m0[0m[33m0[0m[33m0[0m[33m0[0m[33m0[0m[33m0[0m[33m0[0m[33m0[0m[33m0[0m[33m0[0m[33m0[0m[33m0[0m[1;32m1[0m[33m0[0m[33m0[0m[33m0[0m[1;32m1[0m[31mX[0m[35mE[0m[35mE[0m[35mE[0m[35mE[0m[35mE[0m
[1;32m1[0m[33m0[0m[33m0[0m[33m0[0m[33m0[0m[33m0[0m[33m0[0m[33m0[0m[33m0[0m[33m0[0m[33m0[0m[33m0[0m[33m0[0m[33m0[0m[33m0[0m[1;32m1[0m[1;32m1[0m[1;32m1[0m[33m0[0m[1;32m1[0m[33m0[0m[1;32m1[0m[33m0[0m[33m0[0m[1;32m1[0m[33m0[0m[33m0[0m[33m0[0m[1;32m1[0m[31mX[0m[35mE[0m[35mE[0m[35mE[0m[35mE[0m[35mE[0m
[1;32m1[0m[1;32m1[0m[33m0[0m[33m0[0m[33m0[0m[33m0[0m[33m0[0m[1;32m1[0m[1;32m1[0m[1;32m1[0m[33m0[0m[1;32m1[0m[33m0[0m[1;32m1[0m[33m0[0m[1;32m1[0m[37mS[0m[1;32m1[0m[1;32m1[0m[1;32m1[0m[33m0[0m[1;32m1[0m[1;32m1[0m[1;32m1[0m[1;32m1[0m[33m0[0m[1;31mN[0m[33m0[0m[1;32m1[0m[1;32m1[0m[1;32m1[0m[31mX[0m[35mE[0m[35mE[0m[35mE[0m
[1;32m1[0m[1;32m1[0m[1;32m1[0m[1;32m1[0m[33m0[0m[1;32m1[0m[1;32m1[0m[1;32m1[0m[37mS[0m[1;32m1[0m[1;32m1[0m[1;32m1[0m[33m0[0m[1;32m1[0m[33m0[0m[1;32m1[0m[37mS[0m[1;32m1[0m[33m0[0m[1;32m1[0m[1;32m1[0m[1;32m1[0m[1;32m1[0m[33m0[0m[1;32m1[0m[33m0[0m[33m0[0m[33m0[0m[1;32m1[0m[31mX[0m[35mE[0m[35mE[0m[35mE[0m[35mE[0m[35mE[0m
[1;32m1[0m[1;32m1[0m[1;32m1[0m[1;32m1[0m[1;32m1[0m[1;32m1[0m[1;32m1[0m[1;32m1[0m[37mS[0m[1;32m1[0m[1;32m1[0m[1;32m1[0m[1;32m1[0m[1;32m1[0m[1;32m1[0m[1;32m1[0m[37mS[0m[1;32m1[0m[1;32m1[0m[1;32m1[0m[1;32m1[0m[1;32m1[0m[1;32m1[0m[1;32m1[0m[1;32m1[0m[1;32m1[0m[1;32m1[0m[1;32m1[0m[1;32m1[0m[31mX[0m[35mE[0m[35mE[0m[35mE[0m[35mE[0m[35mE[0m
MAP COPY PRINTED
Nx = 1688834431
Ny = 1688834495

[1;32mFLOODFILL RESULT: [0m

[MAP COPY:]
[37mS[0m[37mS[0m[37mS[0m[37mS[0m[37mS[0m[37mS[0m[37mS[0m[37mS[0m[1;32m1[0m[1;32m1[0m[1;32m1[0m[1;32m1[0m[1;32m1[0m[1;32m1[0m[1;32m1[0m[1;32m1[0m[1;32m1[0m[1;32m1[0m[1;32m1[0m[1;32m1[0m[1;32m1[0m[1;32m1[0m[1;32m1[0m[1;32m1[0m[1;32m1[0m[1;32m1[0m[1;32m1[0m[1;32m1[0m[1;32m1[0m[1;32m1[0m[1;32m1[0m[1;32m1[0m[1;32m1[0m[31mX[0m[35mE[0m
[37mS[0m[37mS[0m[37mS[0m[37mS[0m[37mS[0m[37mS[0m[37mS[0m[1;32m1[0m[1;32m1[0m[33m0[0m[33m0[0m[33m0[0m[33m0[0m[33m0[0m[1;32m1[0m[33m0[0m[33m0[0m[33m0[0m[1;32m1[0m[1;32m1[0m[33m0[0m[33m0[0m[33m0[0m[33m0[0m[33m0[0m[33m0[0m[33m0[0m[33m0[0m[33m0[0m[33m0[0m[33m0[0m[33m0[0m[1;32m1[0m[31mX[0m[35mE[0m
[37mS[0m[37mS[0m[37mS[0m[37mS[0m[37mS[0m[37mS[0m[37mS[0m[37mS[0m[1;32m1[0m[33m0[0m[1;32m1[0m[1;32m1[0m[33m0[0m[33m0[0m[33m0[0m[33m0[0m[33m0[0m[1;32m1[0m[1;32m1[0m[1;32m1[0m[33m0[0m[33m0[0m[33m0[0m[33m0[0m[33m0[0m[33m0[0m[33m0[0m[33m0[0m[33m0[0m[33m0[0m[33m0[0m[33m0[0m[1;32m1[0m[31mX[0m[35mE[0m
[37mS[0m[37mS[0m[37mS[0m[37mS[0m[37mS[0m[37mS[0m[37mS[0m[37mS[0m[1;32m1[0m[33m0[0m[33m0[0m[1;32m1[0m[33m0[0m[33m0[0m[33m0[0m[33m0[0m[33m0[0m[33m0[0m[1;32m1[0m[33m0[0m[33m0[0m[33m0[0m[33m0[0m[33m0[0m[33m0[0m[33m0[0m[33m0[0m[33m0[0m[33m0[0m[1;32m1[0m[1;32m1[0m[1;32m1[0m[1;32m1[0m[31mX[0m[35mE[0m
[1;32m1[0m[1;32m1[0m[1;32m1[0m[1;32m1[0m[1;32m1[0m[1;32m1[0m[37mS[0m[37mS[0m[1;32m1[0m[33m0[0m[1;32m1[0m[1;32m1[0m[33m0[0m[33m0[0m[33m0[0m[1;32m1[0m[1;32m1[0m[1;32m1[0m[1;32m1[0m[1;32m1[0m[1;32m1[0m[1;32m1[0m[1;32m1[0m[1;32m1[0m[1;32m1[0m[1;32m1[0m[1;32m1[0m[1;32m1[0m[1;32m1[0m[1;32m1[0m[1;32m1[0m[31mX[0m[35mE[0m[35mE[0m[35mE[0m
[1;32m1[0m[1;32m1[0m[1;32m1[0m[1;32m1[0m[33m0[0m[1;32m1[0m[1;32m1[0m[37mS[0m[1;32m1[0m[1;32m1[0m[1;32m1[0m[1;32m1[0m[1;32m1[0m[1;32m1[0m[33m0[0m[1;32m1[0m[37mS[0m[1;32m1[0m[33m0[0m[33m0[0m[33m0[0m[33m0[0m[33m0[0m[33m0[0m[1;32m1[0m[1;32m1[0m[1;32m1[0m[1;32m1[0m[1;32m1[0m[31mX[0m[35mE[0m[35mE[0m[35mE[0m[35mE[0m[35mE[0m
[1;32m1[0m[1;32m1[0m[1;32m1[0m[1;32m1[0m[33m0[0m[1;32m1[0m[1;32m1[0m[1;32m1[0m[1;32m1[0m[1;32m1[0m[1;32m1[0m[1;32m1[0m[1;32m1[0m[1;32m1[0m[1;32m1[0m[1;32m1[0m[37mS[0m[1;32m1[0m[33m0[0m[1;32m1[0m[33m0[0m[1;32m1[0m[33m0[0m[33m0[0m[1;32m1[0m[1;32m1[0m[1;32m1[0m[1;32m1[0m[1;32m1[0m[31mX[0m[35mE[0m[35mE[0m[35mE[0m[35mE[0m[35mE[0m
[1;32m1[0m[1;32m1[0m[33m0[0m[33m0[0m[33m0[0m[33m0[0m[33m0[0m[33m0[0m[1;32m1[0m[1;32m1[0m[33m0[0m[1;32m1[0m[33m0[0m[1;32m1[0m[33m0[0m[1;32m1[0m[1;32m1[0m[1;32m1[0m[33m0[0m[33m0[0m[33m0[0m[33m0[0m[33m0[0m[33m0[0m[1;32m1[0m[1;32m1[0m[1;32m1[0m[1;32m1[0m[1;32m1[0m[31mX[0m[35mE[0m[35mE[0m[35mE[0m[35mE[0m[35mE[0m
[1;32m1[0m[33m0[0m[33m0[0m[33m0[0m[33m0[0m[33m0[0m[33m0[0m[33m0[0m[33m0[0m[33m0[0m[33m0[0m[33m0[0m[33m0[0m[33m0[0m[33m0[0m[33m0[0m[33m0[0m[33m0[0m[33m0[0m[33m0[0m[33m0[0m[33m0[0m[33m0[0m[33m0[0m[1;32m1[0m[1;32m1[0m[1;32m1[0m[1;32m1[0m[1;32m1[0m[31mX[0m[35mE[0m[35mE[0m[35mE[0m[35mE[0m[35mE[0m
[1;32m1[0m[33m0[0m[33m0[0m[33m0[0m[33m0[0m[33m0[0m[33m0[0m[33m0[0m[33m0[0m[33m0[0m[33m0[0m[33m0[0m[33m0[0m[33m0[0m[33m0[0m[1;32m1[0m[1;32m1[0m[1;32m1[0m[33m0[0m[1;32m1[0m[33m0[0m[1;32m1[0m[33m0[0m[33m0[0m[1;32m1[0m[1;32m1[0m[1;32m1[0m[1;32m1[0m[1;32m1[0m[31mX[0m[35mE[0m[35mE[0m[35mE[0m[35mE[0m[35mE[0m
[1;32m1[0m[1;32m1[0m[33m0[0m[33m0[0m[33m0[0m[33m0[0m[33m0[0m[1;32m1[0m[1;32m1[0m[1;32m1[0m[33m0[0m[1;32m1[0m[33m0[0m[1;32m1[0m[33m0[0m[1;32m1[0m[37mS[0m[1;32m1[0m[1;32m1[0m[1;32m1[0m[33m0[0m[1;32m1[0m[1;32m1[0m[1;32m1[0m[1;32m1[0m[1;32m1[0m[1;32m1[0m[1;32m1[0m[1;32m1[0m[1;32m1[0m[1;32m1[0m[31mX[0m[35mE[0m[35mE[0m[35mE[0m
[1;32m1[0m[1;32m1[0m[1;32m1[0m[1;32m1[0m[33m0[0m[1;32m1[0m[1;32m1[0m[1;32m1[0m[37mS[0m[1;32m1[0m[1;32m1[0m[1;32m1[0m[33m0[0m[1;32m1[0m[33m0[0m[1;32m1[0m[37mS[0m[1;32m1[0m[33m0[0m[1;32m1[0m[1;32m1[0m[1;32m1[0m[1;32m1[0m[33m0[0m[1;32m1[0m[1;32m1[0m[1;32m1[0m[1;32m1[0m[1;32m1[0m[31mX[0m[35mE[0m[35mE[0m[35mE[0m[35mE[0m[35mE[0m
[1;32m1[0m[1;32m1[0m[1;32m1[0m[1;32m1[0m[1;32m1[0m[1;32m1[0m[1;32m1[0m[1;32m1[0m[37mS[0m[1;32m1[0m[1;32m1[0m[1;32m1[0m[1;32m1[0m[1;32m1[0m[1;32m1[0m[1;32m1[0m[37mS[0m[1;32m1[0m[1;32m1[0m[1;32m1[0m[1;32m1[0m[1;32m1[0m[1;32m1[0m[1;32m1[0m[1;32m1[0m[1;32m1[0m[1;32m1[0m[1;32m1[0m[1;32m1[0m[31mX[0m[35mE[0m[35mE[0m[35mE[0m[35mE[0m[35mE[0m
MAP COPY PRINTED

[1;32m!MAPA OK![0m



